[0.012s] Invoking command in '/home/maav/SUAS_24-25/build/px4_ros_com': CMAKE_PREFIX_PATH=${CMAKE_PREFIX_PATH}:/opt/ros/humble /usr/bin/cmake --build /home/maav/SUAS_24-25/build/px4_ros_com -- -j8 -l8
[0.085s] [35m[1mConsolidate compiler generated dependencies of target offboard_control[0m
[0.094s] [ 16%] Built target frame_transforms
[0.100s] [ 33%] Built target offboard_control_srv
[0.100s] [ 50%] Built target vehicle_gps_position_listener
[0.102s] [ 66%] Built target sensor_combined_listener
[0.102s] [ 83%] Built target debug_vect_advertiser
[0.107s] [ 83%] Built target ament_cmake_python_copy_px4_ros_com
[0.117s] [100%] Built target offboard_control
[0.397s] running egg_info
[0.420s] writing px4_ros_com.egg-info/PKG-INFO
[0.421s] writing dependency_links to px4_ros_com.egg-info/dependency_links.txt
[0.421s] writing top-level names to px4_ros_com.egg-info/top_level.txt
[0.489s] reading manifest file 'px4_ros_com.egg-info/SOURCES.txt'
[0.490s] writing manifest file 'px4_ros_com.egg-info/SOURCES.txt'
[0.522s] [100%] Built target ament_cmake_python_build_px4_ros_com_egg
[0.538s] Invoked command in '/home/maav/SUAS_24-25/build/px4_ros_com' returned '0': CMAKE_PREFIX_PATH=${CMAKE_PREFIX_PATH}:/opt/ros/humble /usr/bin/cmake --build /home/maav/SUAS_24-25/build/px4_ros_com -- -j8 -l8
[0.610s] Invoking command in '/home/maav/SUAS_24-25/build/px4_ros_com': CMAKE_PREFIX_PATH=${CMAKE_PREFIX_PATH}:/opt/ros/humble /usr/bin/cmake --install /home/maav/SUAS_24-25/build/px4_ros_com
[0.619s] -- Install configuration: ""
[0.619s] -- Up-to-date: /home/maav/SUAS_24-25/install/px4_ros_com/lib/px4_ros_com/sensor_combined_listener
[0.620s] -- Up-to-date: /home/maav/SUAS_24-25/install/px4_ros_com/lib/px4_ros_com/vehicle_gps_position_listener
[0.621s] -- Up-to-date: /home/maav/SUAS_24-25/install/px4_ros_com/lib/px4_ros_com/debug_vect_advertiser
[0.621s] -- Up-to-date: /home/maav/SUAS_24-25/install/px4_ros_com/lib/px4_ros_com/offboard_control
[0.622s] -- Up-to-date: /home/maav/SUAS_24-25/install/px4_ros_com/lib/px4_ros_com/offboard_control_srv
[0.622s] -- Up-to-date: /home/maav/SUAS_24-25/install/px4_ros_com/share/px4_ros_com/environment/library_path.sh
[0.623s] -- Up-to-date: /home/maav/SUAS_24-25/install/px4_ros_com/share/px4_ros_com/environment/library_path.dsv
[0.623s] -- Up-to-date: /home/maav/SUAS_24-25/install/px4_ros_com/include/px4_ros_com
[0.623s] -- Up-to-date: /home/maav/SUAS_24-25/install/px4_ros_com/include/px4_ros_com/frame_transforms.h
[0.623s] -- Up-to-date: /home/maav/SUAS_24-25/install/px4_ros_com/lib/libframe_transforms.so
[0.623s] -- Up-to-date: /home/maav/SUAS_24-25/install/px4_ros_com/share/px4_ros_com//launch
[0.623s] -- Up-to-date: /home/maav/SUAS_24-25/install/px4_ros_com/share/px4_ros_com//launch/sensor_combined_listener.launch.py
[0.624s] -- Up-to-date: /home/maav/SUAS_24-25/install/px4_ros_com/share/px4_ros_com//launch/offboard_control_launch.yaml
[0.624s] -- Up-to-date: /home/maav/SUAS_24-25/install/px4_ros_com/share/px4_ros_com//test
[0.624s] -- Up-to-date: /home/maav/SUAS_24-25/install/px4_ros_com/share/px4_ros_com//test/test_output.py
[0.624s] -- Up-to-date: /home/maav/SUAS_24-25/install/px4_ros_com/share/px4_ros_com//test/__init__.py
[0.624s] -- Up-to-date: /home/maav/SUAS_24-25/install/px4_ros_com/share/px4_ros_com//test/pipeline_io_test.py
[0.624s] -- Up-to-date: /home/maav/SUAS_24-25/install/px4_ros_com/share/px4_ros_com//test/test_input.py
[0.625s] -- Up-to-date: /home/maav/SUAS_24-25/install/px4_ros_com/share/px4_ros_com/environment/pythonpath.sh
[0.625s] -- Up-to-date: /home/maav/SUAS_24-25/install/px4_ros_com/share/px4_ros_com/environment/pythonpath.dsv
[0.625s] -- Up-to-date: /home/maav/SUAS_24-25/install/px4_ros_com/local/lib/python3.10/dist-packages/px4_ros_com-0.1.0-py3.10.egg-info
[0.625s] -- Installing: /home/maav/SUAS_24-25/install/px4_ros_com/local/lib/python3.10/dist-packages/px4_ros_com-0.1.0-py3.10.egg-info/top_level.txt
[0.625s] -- Installing: /home/maav/SUAS_24-25/install/px4_ros_com/local/lib/python3.10/dist-packages/px4_ros_com-0.1.0-py3.10.egg-info/SOURCES.txt
[0.625s] -- Installing: /home/maav/SUAS_24-25/install/px4_ros_com/local/lib/python3.10/dist-packages/px4_ros_com-0.1.0-py3.10.egg-info/dependency_links.txt
[0.625s] -- Installing: /home/maav/SUAS_24-25/install/px4_ros_com/local/lib/python3.10/dist-packages/px4_ros_com-0.1.0-py3.10.egg-info/PKG-INFO
[0.625s] -- Up-to-date: /home/maav/SUAS_24-25/install/px4_ros_com/local/lib/python3.10/dist-packages/px4_ros_com
[0.625s] -- Up-to-date: /home/maav/SUAS_24-25/install/px4_ros_com/local/lib/python3.10/dist-packages/px4_ros_com/__init__.py
[0.626s] -- Up-to-date: /home/maav/SUAS_24-25/install/px4_ros_com/local/lib/python3.10/dist-packages/px4_ros_com/module_to_import.py
[0.669s] Listing '/home/maav/SUAS_24-25/install/px4_ros_com/local/lib/python3.10/dist-packages/px4_ros_com'...
[0.674s] -- Up-to-date: /home/maav/SUAS_24-25/install/px4_ros_com/lib/px4_ros_com/offboard_control.py
[0.674s] -- Up-to-date: /home/maav/SUAS_24-25/install/px4_ros_com/share/ament_index/resource_index/package_run_dependencies/px4_ros_com
[0.674s] -- Up-to-date: /home/maav/SUAS_24-25/install/px4_ros_com/share/ament_index/resource_index/parent_prefix_path/px4_ros_com
[0.674s] -- Up-to-date: /home/maav/SUAS_24-25/install/px4_ros_com/share/px4_ros_com/environment/ament_prefix_path.sh
[0.674s] -- Up-to-date: /home/maav/SUAS_24-25/install/px4_ros_com/share/px4_ros_com/environment/ament_prefix_path.dsv
[0.674s] -- Up-to-date: /home/maav/SUAS_24-25/install/px4_ros_com/share/px4_ros_com/environment/path.sh
[0.674s] -- Up-to-date: /home/maav/SUAS_24-25/install/px4_ros_com/share/px4_ros_com/environment/path.dsv
[0.674s] -- Up-to-date: /home/maav/SUAS_24-25/install/px4_ros_com/share/px4_ros_com/local_setup.bash
[0.674s] -- Up-to-date: /home/maav/SUAS_24-25/install/px4_ros_com/share/px4_ros_com/local_setup.sh
[0.674s] -- Up-to-date: /home/maav/SUAS_24-25/install/px4_ros_com/share/px4_ros_com/local_setup.zsh
[0.674s] -- Up-to-date: /home/maav/SUAS_24-25/install/px4_ros_com/share/px4_ros_com/local_setup.dsv
[0.675s] -- Installing: /home/maav/SUAS_24-25/install/px4_ros_com/share/px4_ros_com/package.dsv
[0.675s] -- Up-to-date: /home/maav/SUAS_24-25/install/px4_ros_com/share/ament_index/resource_index/packages/px4_ros_com
[0.675s] -- Up-to-date: /home/maav/SUAS_24-25/install/px4_ros_com/share/px4_ros_com/cmake/export_frame_transformsExport.cmake
[0.675s] -- Up-to-date: /home/maav/SUAS_24-25/install/px4_ros_com/share/px4_ros_com/cmake/export_frame_transformsExport-noconfig.cmake
[0.675s] -- Up-to-date: /home/maav/SUAS_24-25/install/px4_ros_com/share/px4_ros_com/cmake/ament_cmake_export_dependencies-extras.cmake
[0.675s] -- Up-to-date: /home/maav/SUAS_24-25/install/px4_ros_com/share/px4_ros_com/cmake/ament_cmake_export_targets-extras.cmake
[0.675s] -- Up-to-date: /home/maav/SUAS_24-25/install/px4_ros_com/share/px4_ros_com/cmake/ament_cmake_export_include_directories-extras.cmake
[0.675s] -- Up-to-date: /home/maav/SUAS_24-25/install/px4_ros_com/share/px4_ros_com/cmake/ament_cmake_export_libraries-extras.cmake
[0.675s] -- Up-to-date: /home/maav/SUAS_24-25/install/px4_ros_com/share/px4_ros_com/cmake/px4_ros_comConfig.cmake
[0.675s] -- Up-to-date: /home/maav/SUAS_24-25/install/px4_ros_com/share/px4_ros_com/cmake/px4_ros_comConfig-version.cmake
[0.675s] -- Up-to-date: /home/maav/SUAS_24-25/install/px4_ros_com/share/px4_ros_com/package.xml
[0.678s] Invoked command in '/home/maav/SUAS_24-25/build/px4_ros_com' returned '0': CMAKE_PREFIX_PATH=${CMAKE_PREFIX_PATH}:/opt/ros/humble /usr/bin/cmake --install /home/maav/SUAS_24-25/build/px4_ros_com
