[0.733s] DEBUG:colcon:Command line arguments: ['/usr/bin/colcon', 'build', '--packages-select', 'px4_ros_com']
[0.733s] DEBUG:colcon:Parsed command line arguments: Namespace(log_base=None, log_level=None, verb_name='build', build_base='build', install_base='install', merge_install=False, symlink_install=False, test_result_base=None, continue_on_error=False, executor='parallel', parallel_workers=8, event_handlers=None, ignore_user_meta=False, metas=['./colcon.meta'], base_paths=['.'], packages_ignore=None, packages_ignore_regex=None, paths=None, packages_up_to=None, packages_up_to_regex=None, packages_above=None, packages_above_and_dependencies=None, packages_above_depth=None, packages_select_by_dep=None, packages_skip_by_dep=None, packages_skip_up_to=None, packages_select_build_failed=False, packages_skip_build_finished=False, packages_select_test_failures=False, packages_skip_test_passed=False, packages_select=['px4_ros_com'], packages_skip=None, packages_select_regex=None, packages_skip_regex=None, packages_start=None, packages_end=None, allow_overriding=[], cmake_args=None, cmake_target=None, cmake_target_skip_unavailable=False, cmake_clean_cache=False, cmake_clean_first=False, cmake_force_configure=False, ament_cmake_args=None, catkin_cmake_args=None, catkin_skip_building_tests=False, mixin_files=None, mixin=None, verb_parser=<colcon_mixin.mixin.mixin_argument.MixinArgumentDecorator object at 0x7f2a1e24e410>, verb_extension=<colcon_core.verb.build.BuildVerb object at 0x7f2a1e3c7970>, main=<bound method BuildVerb.main of <colcon_core.verb.build.BuildVerb object at 0x7f2a1e3c7970>>, mixin_verb=('build',))
[0.949s] Level 1:colcon.colcon_core.package_discovery:discover_packages(colcon_meta) check parameters
[0.950s] Level 1:colcon.colcon_core.package_discovery:discover_packages(recursive) check parameters
[0.951s] Level 1:colcon.colcon_core.package_discovery:discover_packages(ignore) check parameters
[0.951s] Level 1:colcon.colcon_core.package_discovery:discover_packages(path) check parameters
[0.951s] Level 1:colcon.colcon_core.package_discovery:discover_packages(colcon_meta) discover
[0.951s] Level 1:colcon.colcon_core.package_discovery:discover_packages(recursive) discover
[0.952s] INFO:colcon.colcon_core.package_discovery:Crawling recursively for packages in '/home/maav/SUAS_24-25/software_ws/src'
[0.952s] Level 1:colcon.colcon_core.package_identification:_identify(.) by extensions ['ignore', 'ignore_ament_install']
[0.953s] Level 1:colcon.colcon_core.package_identification:_identify(.) by extension 'ignore'
[0.954s] Level 1:colcon.colcon_core.package_identification:_identify(.) by extension 'ignore_ament_install'
[0.954s] Level 1:colcon.colcon_core.package_identification:_identify(.) by extensions ['colcon_pkg']
[0.954s] Level 1:colcon.colcon_core.package_identification:_identify(.) by extension 'colcon_pkg'
[0.954s] Level 1:colcon.colcon_core.package_identification:_identify(.) by extensions ['colcon_meta']
[0.954s] Level 1:colcon.colcon_core.package_identification:_identify(.) by extension 'colcon_meta'
[0.955s] Level 1:colcon.colcon_core.package_identification:_identify(.) by extensions ['ros']
[0.955s] Level 1:colcon.colcon_core.package_identification:_identify(.) by extension 'ros'
[1.027s] Level 1:colcon.colcon_core.package_identification:_identify(.) by extensions ['cmake', 'python']
[1.027s] Level 1:colcon.colcon_core.package_identification:_identify(.) by extension 'cmake'
[1.027s] Level 1:colcon.colcon_core.package_identification:_identify(.) by extension 'python'
[1.027s] Level 1:colcon.colcon_core.package_identification:_identify(.) by extensions ['python_setup_py']
[1.027s] Level 1:colcon.colcon_core.package_identification:_identify(.) by extension 'python_setup_py'
[1.027s] Level 1:colcon.colcon_core.package_identification:_identify(build) by extensions ['ignore', 'ignore_ament_install']
[1.028s] Level 1:colcon.colcon_core.package_identification:_identify(build) by extension 'ignore'
[1.028s] Level 1:colcon.colcon_core.package_identification:_identify(build) ignored
[1.029s] Level 1:colcon.colcon_core.package_identification:_identify(install) by extensions ['ignore', 'ignore_ament_install']
[1.029s] Level 1:colcon.colcon_core.package_identification:_identify(install) by extension 'ignore'
[1.029s] Level 1:colcon.colcon_core.package_identification:_identify(install) ignored
[1.030s] Level 1:colcon.colcon_core.package_identification:_identify(log) by extensions ['ignore', 'ignore_ament_install']
[1.030s] Level 1:colcon.colcon_core.package_identification:_identify(log) by extension 'ignore'
[1.030s] Level 1:colcon.colcon_core.package_identification:_identify(log) ignored
[1.031s] Level 1:colcon.colcon_core.package_identification:_identify(my_package) by extensions ['ignore', 'ignore_ament_install']
[1.031s] Level 1:colcon.colcon_core.package_identification:_identify(my_package) by extension 'ignore'
[1.031s] Level 1:colcon.colcon_core.package_identification:_identify(my_package) by extension 'ignore_ament_install'
[1.032s] Level 1:colcon.colcon_core.package_identification:_identify(my_package) by extensions ['colcon_pkg']
[1.032s] Level 1:colcon.colcon_core.package_identification:_identify(my_package) by extension 'colcon_pkg'
[1.032s] Level 1:colcon.colcon_core.package_identification:_identify(my_package) by extensions ['colcon_meta']
[1.032s] Level 1:colcon.colcon_core.package_identification:_identify(my_package) by extension 'colcon_meta'
[1.032s] Level 1:colcon.colcon_core.package_identification:_identify(my_package) by extensions ['ros']
[1.033s] Level 1:colcon.colcon_core.package_identification:_identify(my_package) by extension 'ros'
[1.046s] DEBUG:colcon.colcon_core.package_identification:Package 'my_package' with type 'ros.ament_cmake' and name 'my_package'
[1.047s] Level 1:colcon.colcon_core.package_identification:_identify(px4-ros2-interface-lib) by extensions ['ignore', 'ignore_ament_install']
[1.048s] Level 1:colcon.colcon_core.package_identification:_identify(px4-ros2-interface-lib) by extension 'ignore'
[1.048s] Level 1:colcon.colcon_core.package_identification:_identify(px4-ros2-interface-lib) by extension 'ignore_ament_install'
[1.049s] Level 1:colcon.colcon_core.package_identification:_identify(px4-ros2-interface-lib) by extensions ['colcon_pkg']
[1.049s] Level 1:colcon.colcon_core.package_identification:_identify(px4-ros2-interface-lib) by extension 'colcon_pkg'
[1.049s] Level 1:colcon.colcon_core.package_identification:_identify(px4-ros2-interface-lib) by extensions ['colcon_meta']
[1.049s] Level 1:colcon.colcon_core.package_identification:_identify(px4-ros2-interface-lib) by extension 'colcon_meta'
[1.049s] Level 1:colcon.colcon_core.package_identification:_identify(px4-ros2-interface-lib) by extensions ['ros']
[1.050s] Level 1:colcon.colcon_core.package_identification:_identify(px4-ros2-interface-lib) by extension 'ros'
[1.050s] Level 1:colcon.colcon_core.package_identification:_identify(px4-ros2-interface-lib) by extensions ['cmake', 'python']
[1.050s] Level 1:colcon.colcon_core.package_identification:_identify(px4-ros2-interface-lib) by extension 'cmake'
[1.050s] Level 1:colcon.colcon_core.package_identification:_identify(px4-ros2-interface-lib) by extension 'python'
[1.050s] Level 1:colcon.colcon_core.package_identification:_identify(px4-ros2-interface-lib) by extensions ['python_setup_py']
[1.050s] Level 1:colcon.colcon_core.package_identification:_identify(px4-ros2-interface-lib) by extension 'python_setup_py'
[1.051s] Level 1:colcon.colcon_core.package_identification:_identify(px4-ros2-interface-lib/examples) by extensions ['ignore', 'ignore_ament_install']
[1.051s] Level 1:colcon.colcon_core.package_identification:_identify(px4-ros2-interface-lib/examples) by extension 'ignore'
[1.051s] Level 1:colcon.colcon_core.package_identification:_identify(px4-ros2-interface-lib/examples) by extension 'ignore_ament_install'
[1.051s] Level 1:colcon.colcon_core.package_identification:_identify(px4-ros2-interface-lib/examples) by extensions ['colcon_pkg']
[1.052s] Level 1:colcon.colcon_core.package_identification:_identify(px4-ros2-interface-lib/examples) by extension 'colcon_pkg'
[1.052s] Level 1:colcon.colcon_core.package_identification:_identify(px4-ros2-interface-lib/examples) by extensions ['colcon_meta']
[1.052s] Level 1:colcon.colcon_core.package_identification:_identify(px4-ros2-interface-lib/examples) by extension 'colcon_meta'
[1.052s] Level 1:colcon.colcon_core.package_identification:_identify(px4-ros2-interface-lib/examples) by extensions ['ros']
[1.052s] Level 1:colcon.colcon_core.package_identification:_identify(px4-ros2-interface-lib/examples) by extension 'ros'
[1.052s] Level 1:colcon.colcon_core.package_identification:_identify(px4-ros2-interface-lib/examples) by extensions ['cmake', 'python']
[1.052s] Level 1:colcon.colcon_core.package_identification:_identify(px4-ros2-interface-lib/examples) by extension 'cmake'
[1.052s] Level 1:colcon.colcon_core.package_identification:_identify(px4-ros2-interface-lib/examples) by extension 'python'
[1.052s] Level 1:colcon.colcon_core.package_identification:_identify(px4-ros2-interface-lib/examples) by extensions ['python_setup_py']
[1.052s] Level 1:colcon.colcon_core.package_identification:_identify(px4-ros2-interface-lib/examples) by extension 'python_setup_py'
[1.053s] Level 1:colcon.colcon_core.package_identification:_identify(px4-ros2-interface-lib/examples/cpp) by extensions ['ignore', 'ignore_ament_install']
[1.053s] Level 1:colcon.colcon_core.package_identification:_identify(px4-ros2-interface-lib/examples/cpp) by extension 'ignore'
[1.053s] Level 1:colcon.colcon_core.package_identification:_identify(px4-ros2-interface-lib/examples/cpp) by extension 'ignore_ament_install'
[1.054s] Level 1:colcon.colcon_core.package_identification:_identify(px4-ros2-interface-lib/examples/cpp) by extensions ['colcon_pkg']
[1.054s] Level 1:colcon.colcon_core.package_identification:_identify(px4-ros2-interface-lib/examples/cpp) by extension 'colcon_pkg'
[1.055s] Level 1:colcon.colcon_core.package_identification:_identify(px4-ros2-interface-lib/examples/cpp) by extensions ['colcon_meta']
[1.055s] Level 1:colcon.colcon_core.package_identification:_identify(px4-ros2-interface-lib/examples/cpp) by extension 'colcon_meta'
[1.055s] Level 1:colcon.colcon_core.package_identification:_identify(px4-ros2-interface-lib/examples/cpp) by extensions ['ros']
[1.055s] Level 1:colcon.colcon_core.package_identification:_identify(px4-ros2-interface-lib/examples/cpp) by extension 'ros'
[1.055s] Level 1:colcon.colcon_core.package_identification:_identify(px4-ros2-interface-lib/examples/cpp) by extensions ['cmake', 'python']
[1.055s] Level 1:colcon.colcon_core.package_identification:_identify(px4-ros2-interface-lib/examples/cpp) by extension 'cmake'
[1.056s] Level 1:colcon.colcon_core.package_identification:_identify(px4-ros2-interface-lib/examples/cpp) by extension 'python'
[1.056s] Level 1:colcon.colcon_core.package_identification:_identify(px4-ros2-interface-lib/examples/cpp) by extensions ['python_setup_py']
[1.056s] Level 1:colcon.colcon_core.package_identification:_identify(px4-ros2-interface-lib/examples/cpp) by extension 'python_setup_py'
[1.056s] Level 1:colcon.colcon_core.package_identification:_identify(px4-ros2-interface-lib/examples/cpp/modes) by extensions ['ignore', 'ignore_ament_install']
[1.057s] Level 1:colcon.colcon_core.package_identification:_identify(px4-ros2-interface-lib/examples/cpp/modes) by extension 'ignore'
[1.057s] Level 1:colcon.colcon_core.package_identification:_identify(px4-ros2-interface-lib/examples/cpp/modes) by extension 'ignore_ament_install'
[1.057s] Level 1:colcon.colcon_core.package_identification:_identify(px4-ros2-interface-lib/examples/cpp/modes) by extensions ['colcon_pkg']
[1.058s] Level 1:colcon.colcon_core.package_identification:_identify(px4-ros2-interface-lib/examples/cpp/modes) by extension 'colcon_pkg'
[1.058s] Level 1:colcon.colcon_core.package_identification:_identify(px4-ros2-interface-lib/examples/cpp/modes) by extensions ['colcon_meta']
[1.058s] Level 1:colcon.colcon_core.package_identification:_identify(px4-ros2-interface-lib/examples/cpp/modes) by extension 'colcon_meta'
[1.058s] Level 1:colcon.colcon_core.package_identification:_identify(px4-ros2-interface-lib/examples/cpp/modes) by extensions ['ros']
[1.058s] Level 1:colcon.colcon_core.package_identification:_identify(px4-ros2-interface-lib/examples/cpp/modes) by extension 'ros'
[1.059s] Level 1:colcon.colcon_core.package_identification:_identify(px4-ros2-interface-lib/examples/cpp/modes) by extensions ['cmake', 'python']
[1.059s] Level 1:colcon.colcon_core.package_identification:_identify(px4-ros2-interface-lib/examples/cpp/modes) by extension 'cmake'
[1.059s] Level 1:colcon.colcon_core.package_identification:_identify(px4-ros2-interface-lib/examples/cpp/modes) by extension 'python'
[1.060s] Level 1:colcon.colcon_core.package_identification:_identify(px4-ros2-interface-lib/examples/cpp/modes) by extensions ['python_setup_py']
[1.060s] Level 1:colcon.colcon_core.package_identification:_identify(px4-ros2-interface-lib/examples/cpp/modes) by extension 'python_setup_py'
[1.060s] Level 1:colcon.colcon_core.package_identification:_identify(px4-ros2-interface-lib/examples/cpp/modes/fw_attitude) by extensions ['ignore', 'ignore_ament_install']
[1.061s] Level 1:colcon.colcon_core.package_identification:_identify(px4-ros2-interface-lib/examples/cpp/modes/fw_attitude) by extension 'ignore'
[1.061s] Level 1:colcon.colcon_core.package_identification:_identify(px4-ros2-interface-lib/examples/cpp/modes/fw_attitude) by extension 'ignore_ament_install'
[1.061s] Level 1:colcon.colcon_core.package_identification:_identify(px4-ros2-interface-lib/examples/cpp/modes/fw_attitude) by extensions ['colcon_pkg']
[1.061s] Level 1:colcon.colcon_core.package_identification:_identify(px4-ros2-interface-lib/examples/cpp/modes/fw_attitude) by extension 'colcon_pkg'
[1.061s] Level 1:colcon.colcon_core.package_identification:_identify(px4-ros2-interface-lib/examples/cpp/modes/fw_attitude) by extensions ['colcon_meta']
[1.061s] Level 1:colcon.colcon_core.package_identification:_identify(px4-ros2-interface-lib/examples/cpp/modes/fw_attitude) by extension 'colcon_meta'
[1.061s] Level 1:colcon.colcon_core.package_identification:_identify(px4-ros2-interface-lib/examples/cpp/modes/fw_attitude) by extensions ['ros']
[1.061s] Level 1:colcon.colcon_core.package_identification:_identify(px4-ros2-interface-lib/examples/cpp/modes/fw_attitude) by extension 'ros'
[1.065s] DEBUG:colcon.colcon_core.package_identification:Package 'px4-ros2-interface-lib/examples/cpp/modes/fw_attitude' with type 'ros.ament_cmake' and name 'example_mode_fw_attitude_cpp'
[1.066s] Level 1:colcon.colcon_core.package_identification:_identify(px4-ros2-interface-lib/examples/cpp/modes/goto) by extensions ['ignore', 'ignore_ament_install']
[1.066s] Level 1:colcon.colcon_core.package_identification:_identify(px4-ros2-interface-lib/examples/cpp/modes/goto) by extension 'ignore'
[1.067s] Level 1:colcon.colcon_core.package_identification:_identify(px4-ros2-interface-lib/examples/cpp/modes/goto) by extension 'ignore_ament_install'
[1.067s] Level 1:colcon.colcon_core.package_identification:_identify(px4-ros2-interface-lib/examples/cpp/modes/goto) by extensions ['colcon_pkg']
[1.067s] Level 1:colcon.colcon_core.package_identification:_identify(px4-ros2-interface-lib/examples/cpp/modes/goto) by extension 'colcon_pkg'
[1.067s] Level 1:colcon.colcon_core.package_identification:_identify(px4-ros2-interface-lib/examples/cpp/modes/goto) by extensions ['colcon_meta']
[1.067s] Level 1:colcon.colcon_core.package_identification:_identify(px4-ros2-interface-lib/examples/cpp/modes/goto) by extension 'colcon_meta'
[1.067s] Level 1:colcon.colcon_core.package_identification:_identify(px4-ros2-interface-lib/examples/cpp/modes/goto) by extensions ['ros']
[1.067s] Level 1:colcon.colcon_core.package_identification:_identify(px4-ros2-interface-lib/examples/cpp/modes/goto) by extension 'ros'
[1.071s] DEBUG:colcon.colcon_core.package_identification:Package 'px4-ros2-interface-lib/examples/cpp/modes/goto' with type 'ros.ament_cmake' and name 'example_mode_goto_cpp'
[1.072s] Level 1:colcon.colcon_core.package_identification:_identify(px4-ros2-interface-lib/examples/cpp/modes/goto_global) by extensions ['ignore', 'ignore_ament_install']
[1.073s] Level 1:colcon.colcon_core.package_identification:_identify(px4-ros2-interface-lib/examples/cpp/modes/goto_global) by extension 'ignore'
[1.073s] Level 1:colcon.colcon_core.package_identification:_identify(px4-ros2-interface-lib/examples/cpp/modes/goto_global) by extension 'ignore_ament_install'
[1.074s] Level 1:colcon.colcon_core.package_identification:_identify(px4-ros2-interface-lib/examples/cpp/modes/goto_global) by extensions ['colcon_pkg']
[1.074s] Level 1:colcon.colcon_core.package_identification:_identify(px4-ros2-interface-lib/examples/cpp/modes/goto_global) by extension 'colcon_pkg'
[1.075s] Level 1:colcon.colcon_core.package_identification:_identify(px4-ros2-interface-lib/examples/cpp/modes/goto_global) by extensions ['colcon_meta']
[1.075s] Level 1:colcon.colcon_core.package_identification:_identify(px4-ros2-interface-lib/examples/cpp/modes/goto_global) by extension 'colcon_meta'
[1.075s] Level 1:colcon.colcon_core.package_identification:_identify(px4-ros2-interface-lib/examples/cpp/modes/goto_global) by extensions ['ros']
[1.075s] Level 1:colcon.colcon_core.package_identification:_identify(px4-ros2-interface-lib/examples/cpp/modes/goto_global) by extension 'ros'
[1.079s] DEBUG:colcon.colcon_core.package_identification:Package 'px4-ros2-interface-lib/examples/cpp/modes/goto_global' with type 'ros.ament_cmake' and name 'example_mode_goto_global_cpp'
[1.080s] Level 1:colcon.colcon_core.package_identification:_identify(px4-ros2-interface-lib/examples/cpp/modes/manual) by extensions ['ignore', 'ignore_ament_install']
[1.080s] Level 1:colcon.colcon_core.package_identification:_identify(px4-ros2-interface-lib/examples/cpp/modes/manual) by extension 'ignore'
[1.081s] Level 1:colcon.colcon_core.package_identification:_identify(px4-ros2-interface-lib/examples/cpp/modes/manual) by extension 'ignore_ament_install'
[1.081s] Level 1:colcon.colcon_core.package_identification:_identify(px4-ros2-interface-lib/examples/cpp/modes/manual) by extensions ['colcon_pkg']
[1.081s] Level 1:colcon.colcon_core.package_identification:_identify(px4-ros2-interface-lib/examples/cpp/modes/manual) by extension 'colcon_pkg'
[1.081s] Level 1:colcon.colcon_core.package_identification:_identify(px4-ros2-interface-lib/examples/cpp/modes/manual) by extensions ['colcon_meta']
[1.081s] Level 1:colcon.colcon_core.package_identification:_identify(px4-ros2-interface-lib/examples/cpp/modes/manual) by extension 'colcon_meta'
[1.082s] Level 1:colcon.colcon_core.package_identification:_identify(px4-ros2-interface-lib/examples/cpp/modes/manual) by extensions ['ros']
[1.082s] Level 1:colcon.colcon_core.package_identification:_identify(px4-ros2-interface-lib/examples/cpp/modes/manual) by extension 'ros'
[1.085s] DEBUG:colcon.colcon_core.package_identification:Package 'px4-ros2-interface-lib/examples/cpp/modes/manual' with type 'ros.ament_cmake' and name 'example_mode_manual_cpp'
[1.086s] Level 1:colcon.colcon_core.package_identification:_identify(px4-ros2-interface-lib/examples/cpp/modes/mode_with_executor) by extensions ['ignore', 'ignore_ament_install']
[1.087s] Level 1:colcon.colcon_core.package_identification:_identify(px4-ros2-interface-lib/examples/cpp/modes/mode_with_executor) by extension 'ignore'
[1.087s] Level 1:colcon.colcon_core.package_identification:_identify(px4-ros2-interface-lib/examples/cpp/modes/mode_with_executor) by extension 'ignore_ament_install'
[1.088s] Level 1:colcon.colcon_core.package_identification:_identify(px4-ros2-interface-lib/examples/cpp/modes/mode_with_executor) by extensions ['colcon_pkg']
[1.088s] Level 1:colcon.colcon_core.package_identification:_identify(px4-ros2-interface-lib/examples/cpp/modes/mode_with_executor) by extension 'colcon_pkg'
[1.088s] Level 1:colcon.colcon_core.package_identification:_identify(px4-ros2-interface-lib/examples/cpp/modes/mode_with_executor) by extensions ['colcon_meta']
[1.089s] Level 1:colcon.colcon_core.package_identification:_identify(px4-ros2-interface-lib/examples/cpp/modes/mode_with_executor) by extension 'colcon_meta'
[1.089s] Level 1:colcon.colcon_core.package_identification:_identify(px4-ros2-interface-lib/examples/cpp/modes/mode_with_executor) by extensions ['ros']
[1.089s] Level 1:colcon.colcon_core.package_identification:_identify(px4-ros2-interface-lib/examples/cpp/modes/mode_with_executor) by extension 'ros'
[1.093s] DEBUG:colcon.colcon_core.package_identification:Package 'px4-ros2-interface-lib/examples/cpp/modes/mode_with_executor' with type 'ros.ament_cmake' and name 'example_mode_with_executor_cpp'
[1.093s] Level 1:colcon.colcon_core.package_identification:_identify(px4-ros2-interface-lib/examples/cpp/modes/rtl_replacement) by extensions ['ignore', 'ignore_ament_install']
[1.093s] Level 1:colcon.colcon_core.package_identification:_identify(px4-ros2-interface-lib/examples/cpp/modes/rtl_replacement) by extension 'ignore'
[1.093s] Level 1:colcon.colcon_core.package_identification:_identify(px4-ros2-interface-lib/examples/cpp/modes/rtl_replacement) by extension 'ignore_ament_install'
[1.094s] Level 1:colcon.colcon_core.package_identification:_identify(px4-ros2-interface-lib/examples/cpp/modes/rtl_replacement) by extensions ['colcon_pkg']
[1.094s] Level 1:colcon.colcon_core.package_identification:_identify(px4-ros2-interface-lib/examples/cpp/modes/rtl_replacement) by extension 'colcon_pkg'
[1.094s] Level 1:colcon.colcon_core.package_identification:_identify(px4-ros2-interface-lib/examples/cpp/modes/rtl_replacement) by extensions ['colcon_meta']
[1.094s] Level 1:colcon.colcon_core.package_identification:_identify(px4-ros2-interface-lib/examples/cpp/modes/rtl_replacement) by extension 'colcon_meta'
[1.094s] Level 1:colcon.colcon_core.package_identification:_identify(px4-ros2-interface-lib/examples/cpp/modes/rtl_replacement) by extensions ['ros']
[1.094s] Level 1:colcon.colcon_core.package_identification:_identify(px4-ros2-interface-lib/examples/cpp/modes/rtl_replacement) by extension 'ros'
[1.097s] DEBUG:colcon.colcon_core.package_identification:Package 'px4-ros2-interface-lib/examples/cpp/modes/rtl_replacement' with type 'ros.ament_cmake' and name 'example_mode_rtl_replacement_cpp'
[1.097s] Level 1:colcon.colcon_core.package_identification:_identify(px4-ros2-interface-lib/examples/cpp/navigation) by extensions ['ignore', 'ignore_ament_install']
[1.098s] Level 1:colcon.colcon_core.package_identification:_identify(px4-ros2-interface-lib/examples/cpp/navigation) by extension 'ignore'
[1.099s] Level 1:colcon.colcon_core.package_identification:_identify(px4-ros2-interface-lib/examples/cpp/navigation) by extension 'ignore_ament_install'
[1.099s] Level 1:colcon.colcon_core.package_identification:_identify(px4-ros2-interface-lib/examples/cpp/navigation) by extensions ['colcon_pkg']
[1.099s] Level 1:colcon.colcon_core.package_identification:_identify(px4-ros2-interface-lib/examples/cpp/navigation) by extension 'colcon_pkg'
[1.099s] Level 1:colcon.colcon_core.package_identification:_identify(px4-ros2-interface-lib/examples/cpp/navigation) by extensions ['colcon_meta']
[1.100s] Level 1:colcon.colcon_core.package_identification:_identify(px4-ros2-interface-lib/examples/cpp/navigation) by extension 'colcon_meta'
[1.100s] Level 1:colcon.colcon_core.package_identification:_identify(px4-ros2-interface-lib/examples/cpp/navigation) by extensions ['ros']
[1.100s] Level 1:colcon.colcon_core.package_identification:_identify(px4-ros2-interface-lib/examples/cpp/navigation) by extension 'ros'
[1.101s] Level 1:colcon.colcon_core.package_identification:_identify(px4-ros2-interface-lib/examples/cpp/navigation) by extensions ['cmake', 'python']
[1.101s] Level 1:colcon.colcon_core.package_identification:_identify(px4-ros2-interface-lib/examples/cpp/navigation) by extension 'cmake'
[1.101s] Level 1:colcon.colcon_core.package_identification:_identify(px4-ros2-interface-lib/examples/cpp/navigation) by extension 'python'
[1.102s] Level 1:colcon.colcon_core.package_identification:_identify(px4-ros2-interface-lib/examples/cpp/navigation) by extensions ['python_setup_py']
[1.102s] Level 1:colcon.colcon_core.package_identification:_identify(px4-ros2-interface-lib/examples/cpp/navigation) by extension 'python_setup_py'
[1.102s] Level 1:colcon.colcon_core.package_identification:_identify(px4-ros2-interface-lib/examples/cpp/navigation/global_navigation) by extensions ['ignore', 'ignore_ament_install']
[1.103s] Level 1:colcon.colcon_core.package_identification:_identify(px4-ros2-interface-lib/examples/cpp/navigation/global_navigation) by extension 'ignore'
[1.103s] Level 1:colcon.colcon_core.package_identification:_identify(px4-ros2-interface-lib/examples/cpp/navigation/global_navigation) by extension 'ignore_ament_install'
[1.104s] Level 1:colcon.colcon_core.package_identification:_identify(px4-ros2-interface-lib/examples/cpp/navigation/global_navigation) by extensions ['colcon_pkg']
[1.104s] Level 1:colcon.colcon_core.package_identification:_identify(px4-ros2-interface-lib/examples/cpp/navigation/global_navigation) by extension 'colcon_pkg'
[1.104s] Level 1:colcon.colcon_core.package_identification:_identify(px4-ros2-interface-lib/examples/cpp/navigation/global_navigation) by extensions ['colcon_meta']
[1.104s] Level 1:colcon.colcon_core.package_identification:_identify(px4-ros2-interface-lib/examples/cpp/navigation/global_navigation) by extension 'colcon_meta'
[1.104s] Level 1:colcon.colcon_core.package_identification:_identify(px4-ros2-interface-lib/examples/cpp/navigation/global_navigation) by extensions ['ros']
[1.105s] Level 1:colcon.colcon_core.package_identification:_identify(px4-ros2-interface-lib/examples/cpp/navigation/global_navigation) by extension 'ros'
[1.108s] DEBUG:colcon.colcon_core.package_identification:Package 'px4-ros2-interface-lib/examples/cpp/navigation/global_navigation' with type 'ros.ament_cmake' and name 'example_global_navigation_cpp'
[1.109s] Level 1:colcon.colcon_core.package_identification:_identify(px4-ros2-interface-lib/examples/cpp/navigation/local_navigation) by extensions ['ignore', 'ignore_ament_install']
[1.109s] Level 1:colcon.colcon_core.package_identification:_identify(px4-ros2-interface-lib/examples/cpp/navigation/local_navigation) by extension 'ignore'
[1.109s] Level 1:colcon.colcon_core.package_identification:_identify(px4-ros2-interface-lib/examples/cpp/navigation/local_navigation) by extension 'ignore_ament_install'
[1.109s] Level 1:colcon.colcon_core.package_identification:_identify(px4-ros2-interface-lib/examples/cpp/navigation/local_navigation) by extensions ['colcon_pkg']
[1.110s] Level 1:colcon.colcon_core.package_identification:_identify(px4-ros2-interface-lib/examples/cpp/navigation/local_navigation) by extension 'colcon_pkg'
[1.110s] Level 1:colcon.colcon_core.package_identification:_identify(px4-ros2-interface-lib/examples/cpp/navigation/local_navigation) by extensions ['colcon_meta']
[1.110s] Level 1:colcon.colcon_core.package_identification:_identify(px4-ros2-interface-lib/examples/cpp/navigation/local_navigation) by extension 'colcon_meta'
[1.110s] Level 1:colcon.colcon_core.package_identification:_identify(px4-ros2-interface-lib/examples/cpp/navigation/local_navigation) by extensions ['ros']
[1.110s] Level 1:colcon.colcon_core.package_identification:_identify(px4-ros2-interface-lib/examples/cpp/navigation/local_navigation) by extension 'ros'
[1.113s] DEBUG:colcon.colcon_core.package_identification:Package 'px4-ros2-interface-lib/examples/cpp/navigation/local_navigation' with type 'ros.ament_cmake' and name 'example_local_navigation_cpp'
[1.114s] Level 1:colcon.colcon_core.package_identification:_identify(px4-ros2-interface-lib/px4_ros2_cpp) by extensions ['ignore', 'ignore_ament_install']
[1.114s] Level 1:colcon.colcon_core.package_identification:_identify(px4-ros2-interface-lib/px4_ros2_cpp) by extension 'ignore'
[1.114s] Level 1:colcon.colcon_core.package_identification:_identify(px4-ros2-interface-lib/px4_ros2_cpp) by extension 'ignore_ament_install'
[1.114s] Level 1:colcon.colcon_core.package_identification:_identify(px4-ros2-interface-lib/px4_ros2_cpp) by extensions ['colcon_pkg']
[1.114s] Level 1:colcon.colcon_core.package_identification:_identify(px4-ros2-interface-lib/px4_ros2_cpp) by extension 'colcon_pkg'
[1.114s] Level 1:colcon.colcon_core.package_identification:_identify(px4-ros2-interface-lib/px4_ros2_cpp) by extensions ['colcon_meta']
[1.114s] Level 1:colcon.colcon_core.package_identification:_identify(px4-ros2-interface-lib/px4_ros2_cpp) by extension 'colcon_meta'
[1.114s] Level 1:colcon.colcon_core.package_identification:_identify(px4-ros2-interface-lib/px4_ros2_cpp) by extensions ['ros']
[1.114s] Level 1:colcon.colcon_core.package_identification:_identify(px4-ros2-interface-lib/px4_ros2_cpp) by extension 'ros'
[1.117s] DEBUG:colcon.colcon_core.package_identification:Package 'px4-ros2-interface-lib/px4_ros2_cpp' with type 'ros.ament_cmake' and name 'px4_ros2_cpp'
[1.118s] Level 1:colcon.colcon_core.package_identification:_identify(px4-ros2-interface-lib/scripts) by extensions ['ignore', 'ignore_ament_install']
[1.118s] Level 1:colcon.colcon_core.package_identification:_identify(px4-ros2-interface-lib/scripts) by extension 'ignore'
[1.119s] Level 1:colcon.colcon_core.package_identification:_identify(px4-ros2-interface-lib/scripts) by extension 'ignore_ament_install'
[1.119s] Level 1:colcon.colcon_core.package_identification:_identify(px4-ros2-interface-lib/scripts) by extensions ['colcon_pkg']
[1.119s] Level 1:colcon.colcon_core.package_identification:_identify(px4-ros2-interface-lib/scripts) by extension 'colcon_pkg'
[1.119s] Level 1:colcon.colcon_core.package_identification:_identify(px4-ros2-interface-lib/scripts) by extensions ['colcon_meta']
[1.119s] Level 1:colcon.colcon_core.package_identification:_identify(px4-ros2-interface-lib/scripts) by extension 'colcon_meta'
[1.119s] Level 1:colcon.colcon_core.package_identification:_identify(px4-ros2-interface-lib/scripts) by extensions ['ros']
[1.120s] Level 1:colcon.colcon_core.package_identification:_identify(px4-ros2-interface-lib/scripts) by extension 'ros'
[1.120s] Level 1:colcon.colcon_core.package_identification:_identify(px4-ros2-interface-lib/scripts) by extensions ['cmake', 'python']
[1.120s] Level 1:colcon.colcon_core.package_identification:_identify(px4-ros2-interface-lib/scripts) by extension 'cmake'
[1.121s] Level 1:colcon.colcon_core.package_identification:_identify(px4-ros2-interface-lib/scripts) by extension 'python'
[1.121s] Level 1:colcon.colcon_core.package_identification:_identify(px4-ros2-interface-lib/scripts) by extensions ['python_setup_py']
[1.121s] Level 1:colcon.colcon_core.package_identification:_identify(px4-ros2-interface-lib/scripts) by extension 'python_setup_py'
[1.121s] Level 1:colcon.colcon_core.package_identification:_identify(px4_msgs) by extensions ['ignore', 'ignore_ament_install']
[1.121s] Level 1:colcon.colcon_core.package_identification:_identify(px4_msgs) by extension 'ignore'
[1.121s] Level 1:colcon.colcon_core.package_identification:_identify(px4_msgs) by extension 'ignore_ament_install'
[1.121s] Level 1:colcon.colcon_core.package_identification:_identify(px4_msgs) by extensions ['colcon_pkg']
[1.121s] Level 1:colcon.colcon_core.package_identification:_identify(px4_msgs) by extension 'colcon_pkg'
[1.121s] Level 1:colcon.colcon_core.package_identification:_identify(px4_msgs) by extensions ['colcon_meta']
[1.121s] Level 1:colcon.colcon_core.package_identification:_identify(px4_msgs) by extension 'colcon_meta'
[1.121s] Level 1:colcon.colcon_core.package_identification:_identify(px4_msgs) by extensions ['ros']
[1.121s] Level 1:colcon.colcon_core.package_identification:_identify(px4_msgs) by extension 'ros'
[1.123s] DEBUG:colcon.colcon_core.package_identification:Package 'px4_msgs' with type 'ros.ament_cmake' and name 'px4_msgs'
[1.124s] Level 1:colcon.colcon_core.package_identification:_identify(px4_ros_com) by extensions ['ignore', 'ignore_ament_install']
[1.125s] Level 1:colcon.colcon_core.package_identification:_identify(px4_ros_com) by extension 'ignore'
[1.125s] Level 1:colcon.colcon_core.package_identification:_identify(px4_ros_com) by extension 'ignore_ament_install'
[1.125s] Level 1:colcon.colcon_core.package_identification:_identify(px4_ros_com) by extensions ['colcon_pkg']
[1.125s] Level 1:colcon.colcon_core.package_identification:_identify(px4_ros_com) by extension 'colcon_pkg'
[1.125s] Level 1:colcon.colcon_core.package_identification:_identify(px4_ros_com) by extensions ['colcon_meta']
[1.126s] Level 1:colcon.colcon_core.package_identification:_identify(px4_ros_com) by extension 'colcon_meta'
[1.126s] Level 1:colcon.colcon_core.package_identification:_identify(px4_ros_com) by extensions ['ros']
[1.126s] Level 1:colcon.colcon_core.package_identification:_identify(px4_ros_com) by extension 'ros'
[1.129s] DEBUG:colcon.colcon_core.package_identification:Package 'px4_ros_com' with type 'ros.ament_cmake' and name 'px4_ros_com'
[1.130s] Level 1:colcon.colcon_core.package_identification:_identify(ros_tutorials) by extensions ['ignore', 'ignore_ament_install']
[1.130s] Level 1:colcon.colcon_core.package_identification:_identify(ros_tutorials) by extension 'ignore'
[1.130s] Level 1:colcon.colcon_core.package_identification:_identify(ros_tutorials) by extension 'ignore_ament_install'
[1.130s] Level 1:colcon.colcon_core.package_identification:_identify(ros_tutorials) by extensions ['colcon_pkg']
[1.130s] Level 1:colcon.colcon_core.package_identification:_identify(ros_tutorials) by extension 'colcon_pkg'
[1.131s] Level 1:colcon.colcon_core.package_identification:_identify(ros_tutorials) by extensions ['colcon_meta']
[1.131s] Level 1:colcon.colcon_core.package_identification:_identify(ros_tutorials) by extension 'colcon_meta'
[1.131s] Level 1:colcon.colcon_core.package_identification:_identify(ros_tutorials) by extensions ['ros']
[1.131s] Level 1:colcon.colcon_core.package_identification:_identify(ros_tutorials) by extension 'ros'
[1.131s] Level 1:colcon.colcon_core.package_identification:_identify(ros_tutorials) by extensions ['cmake', 'python']
[1.131s] Level 1:colcon.colcon_core.package_identification:_identify(ros_tutorials) by extension 'cmake'
[1.131s] Level 1:colcon.colcon_core.package_identification:_identify(ros_tutorials) by extension 'python'
[1.131s] Level 1:colcon.colcon_core.package_identification:_identify(ros_tutorials) by extensions ['python_setup_py']
[1.132s] Level 1:colcon.colcon_core.package_identification:_identify(ros_tutorials) by extension 'python_setup_py'
[1.132s] Level 1:colcon.colcon_core.package_identification:_identify(ros_tutorials/ros_tutorials) by extensions ['ignore', 'ignore_ament_install']
[1.132s] Level 1:colcon.colcon_core.package_identification:_identify(ros_tutorials/ros_tutorials) by extension 'ignore'
[1.132s] Level 1:colcon.colcon_core.package_identification:_identify(ros_tutorials/ros_tutorials) ignored
[1.133s] Level 1:colcon.colcon_core.package_identification:_identify(ros_tutorials/roscpp_tutorials) by extensions ['ignore', 'ignore_ament_install']
[1.134s] Level 1:colcon.colcon_core.package_identification:_identify(ros_tutorials/roscpp_tutorials) by extension 'ignore'
[1.134s] Level 1:colcon.colcon_core.package_identification:_identify(ros_tutorials/roscpp_tutorials) ignored
[1.134s] Level 1:colcon.colcon_core.package_identification:_identify(ros_tutorials/rospy_tutorials) by extensions ['ignore', 'ignore_ament_install']
[1.135s] Level 1:colcon.colcon_core.package_identification:_identify(ros_tutorials/rospy_tutorials) by extension 'ignore'
[1.135s] Level 1:colcon.colcon_core.package_identification:_identify(ros_tutorials/rospy_tutorials) ignored
[1.136s] Level 1:colcon.colcon_core.package_identification:_identify(ros_tutorials/turtlesim) by extensions ['ignore', 'ignore_ament_install']
[1.136s] Level 1:colcon.colcon_core.package_identification:_identify(ros_tutorials/turtlesim) by extension 'ignore'
[1.137s] Level 1:colcon.colcon_core.package_identification:_identify(ros_tutorials/turtlesim) by extension 'ignore_ament_install'
[1.137s] Level 1:colcon.colcon_core.package_identification:_identify(ros_tutorials/turtlesim) by extensions ['colcon_pkg']
[1.137s] Level 1:colcon.colcon_core.package_identification:_identify(ros_tutorials/turtlesim) by extension 'colcon_pkg'
[1.137s] Level 1:colcon.colcon_core.package_identification:_identify(ros_tutorials/turtlesim) by extensions ['colcon_meta']
[1.137s] Level 1:colcon.colcon_core.package_identification:_identify(ros_tutorials/turtlesim) by extension 'colcon_meta'
[1.137s] Level 1:colcon.colcon_core.package_identification:_identify(ros_tutorials/turtlesim) by extensions ['ros']
[1.137s] Level 1:colcon.colcon_core.package_identification:_identify(ros_tutorials/turtlesim) by extension 'ros'
[1.140s] DEBUG:colcon.colcon_core.package_identification:Package 'ros_tutorials/turtlesim' with type 'ros.ament_cmake' and name 'turtlesim'
[1.141s] Level 1:colcon.colcon_core.package_identification:_identify(takeoff) by extensions ['ignore', 'ignore_ament_install']
[1.141s] Level 1:colcon.colcon_core.package_identification:_identify(takeoff) by extension 'ignore'
[1.142s] Level 1:colcon.colcon_core.package_identification:_identify(takeoff) by extension 'ignore_ament_install'
[1.142s] Level 1:colcon.colcon_core.package_identification:_identify(takeoff) by extensions ['colcon_pkg']
[1.142s] Level 1:colcon.colcon_core.package_identification:_identify(takeoff) by extension 'colcon_pkg'
[1.142s] Level 1:colcon.colcon_core.package_identification:_identify(takeoff) by extensions ['colcon_meta']
[1.142s] Level 1:colcon.colcon_core.package_identification:_identify(takeoff) by extension 'colcon_meta'
[1.142s] Level 1:colcon.colcon_core.package_identification:_identify(takeoff) by extensions ['ros']
[1.142s] Level 1:colcon.colcon_core.package_identification:_identify(takeoff) by extension 'ros'
[1.146s] DEBUG:colcon.colcon_core.package_identification:Package 'takeoff' with type 'ros.ament_cmake' and name 'turtlesim'
[1.147s] Level 1:colcon.colcon_core.package_identification:_identify(tutorial_package) by extensions ['ignore', 'ignore_ament_install']
[1.147s] Level 1:colcon.colcon_core.package_identification:_identify(tutorial_package) by extension 'ignore'
[1.147s] Level 1:colcon.colcon_core.package_identification:_identify(tutorial_package) by extension 'ignore_ament_install'
[1.147s] Level 1:colcon.colcon_core.package_identification:_identify(tutorial_package) by extensions ['colcon_pkg']
[1.147s] Level 1:colcon.colcon_core.package_identification:_identify(tutorial_package) by extension 'colcon_pkg'
[1.147s] Level 1:colcon.colcon_core.package_identification:_identify(tutorial_package) by extensions ['colcon_meta']
[1.147s] Level 1:colcon.colcon_core.package_identification:_identify(tutorial_package) by extension 'colcon_meta'
[1.148s] Level 1:colcon.colcon_core.package_identification:_identify(tutorial_package) by extensions ['ros']
[1.148s] Level 1:colcon.colcon_core.package_identification:_identify(tutorial_package) by extension 'ros'
[1.150s] DEBUG:colcon.colcon_core.package_identification:Package 'tutorial_package' with type 'ros.ament_cmake' and name 'tutorial_package'
[1.150s] Level 1:colcon.colcon_core.package_identification:_identify(waypoint_generation) by extensions ['ignore', 'ignore_ament_install']
[1.151s] Level 1:colcon.colcon_core.package_identification:_identify(waypoint_generation) by extension 'ignore'
[1.151s] Level 1:colcon.colcon_core.package_identification:_identify(waypoint_generation) by extension 'ignore_ament_install'
[1.151s] Level 1:colcon.colcon_core.package_identification:_identify(waypoint_generation) by extensions ['colcon_pkg']
[1.152s] Level 1:colcon.colcon_core.package_identification:_identify(waypoint_generation) by extension 'colcon_pkg'
[1.152s] Level 1:colcon.colcon_core.package_identification:_identify(waypoint_generation) by extensions ['colcon_meta']
[1.152s] Level 1:colcon.colcon_core.package_identification:_identify(waypoint_generation) by extension 'colcon_meta'
[1.153s] Level 1:colcon.colcon_core.package_identification:_identify(waypoint_generation) by extensions ['ros']
[1.153s] Level 1:colcon.colcon_core.package_identification:_identify(waypoint_generation) by extension 'ros'
[1.153s] Level 1:colcon.colcon_core.package_identification:_identify(waypoint_generation) by extensions ['cmake', 'python']
[1.153s] Level 1:colcon.colcon_core.package_identification:_identify(waypoint_generation) by extension 'cmake'
[1.153s] Level 1:colcon.colcon_core.package_identification:_identify(waypoint_generation) by extension 'python'
[1.153s] Level 1:colcon.colcon_core.package_identification:_identify(waypoint_generation) by extensions ['python_setup_py']
[1.153s] Level 1:colcon.colcon_core.package_identification:_identify(waypoint_generation) by extension 'python_setup_py'
[1.154s] Level 1:colcon.colcon_core.package_identification:_identify(waypoint_generation/templates) by extensions ['ignore', 'ignore_ament_install']
[1.154s] Level 1:colcon.colcon_core.package_identification:_identify(waypoint_generation/templates) by extension 'ignore'
[1.154s] Level 1:colcon.colcon_core.package_identification:_identify(waypoint_generation/templates) by extension 'ignore_ament_install'
[1.154s] Level 1:colcon.colcon_core.package_identification:_identify(waypoint_generation/templates) by extensions ['colcon_pkg']
[1.154s] Level 1:colcon.colcon_core.package_identification:_identify(waypoint_generation/templates) by extension 'colcon_pkg'
[1.154s] Level 1:colcon.colcon_core.package_identification:_identify(waypoint_generation/templates) by extensions ['colcon_meta']
[1.154s] Level 1:colcon.colcon_core.package_identification:_identify(waypoint_generation/templates) by extension 'colcon_meta'
[1.154s] Level 1:colcon.colcon_core.package_identification:_identify(waypoint_generation/templates) by extensions ['ros']
[1.154s] Level 1:colcon.colcon_core.package_identification:_identify(waypoint_generation/templates) by extension 'ros'
[1.154s] Level 1:colcon.colcon_core.package_identification:_identify(waypoint_generation/templates) by extensions ['cmake', 'python']
[1.154s] Level 1:colcon.colcon_core.package_identification:_identify(waypoint_generation/templates) by extension 'cmake'
[1.154s] Level 1:colcon.colcon_core.package_identification:_identify(waypoint_generation/templates) by extension 'python'
[1.154s] Level 1:colcon.colcon_core.package_identification:_identify(waypoint_generation/templates) by extensions ['python_setup_py']
[1.154s] Level 1:colcon.colcon_core.package_identification:_identify(waypoint_generation/templates) by extension 'python_setup_py'
[1.154s] Level 1:colcon.colcon_core.package_discovery:discover_packages(recursive) using defaults
[1.155s] Level 1:colcon.colcon_core.package_discovery:discover_packages(ignore) discover
[1.155s] Level 1:colcon.colcon_core.package_discovery:discover_packages(ignore) using defaults
[1.155s] Level 1:colcon.colcon_core.package_discovery:discover_packages(path) discover
[1.155s] Level 1:colcon.colcon_core.package_discovery:discover_packages(path) using defaults
[1.238s] INFO:colcon.colcon_core.package_selection:Skipping not selected package 'my_package' in 'my_package'
[1.239s] INFO:colcon.colcon_core.package_selection:Skipping not selected package 'px4_msgs' in 'px4_msgs'
[1.239s] INFO:colcon.colcon_core.package_selection:Skipping not selected package 'turtlesim' in 'ros_tutorials/turtlesim'
[1.240s] INFO:colcon.colcon_core.package_selection:Skipping not selected package 'turtlesim' in 'takeoff'
[1.240s] INFO:colcon.colcon_core.package_selection:Skipping not selected package 'tutorial_package' in 'tutorial_package'
[1.240s] INFO:colcon.colcon_core.package_selection:Skipping not selected package 'px4_ros2_cpp' in 'px4-ros2-interface-lib/px4_ros2_cpp'
[1.240s] INFO:colcon.colcon_core.package_selection:Skipping not selected package 'example_global_navigation_cpp' in 'px4-ros2-interface-lib/examples/cpp/navigation/global_navigation'
[1.240s] INFO:colcon.colcon_core.package_selection:Skipping not selected package 'example_local_navigation_cpp' in 'px4-ros2-interface-lib/examples/cpp/navigation/local_navigation'
[1.240s] INFO:colcon.colcon_core.package_selection:Skipping not selected package 'example_mode_fw_attitude_cpp' in 'px4-ros2-interface-lib/examples/cpp/modes/fw_attitude'
[1.240s] INFO:colcon.colcon_core.package_selection:Skipping not selected package 'example_mode_goto_cpp' in 'px4-ros2-interface-lib/examples/cpp/modes/goto'
[1.240s] INFO:colcon.colcon_core.package_selection:Skipping not selected package 'example_mode_goto_global_cpp' in 'px4-ros2-interface-lib/examples/cpp/modes/goto_global'
[1.240s] INFO:colcon.colcon_core.package_selection:Skipping not selected package 'example_mode_manual_cpp' in 'px4-ros2-interface-lib/examples/cpp/modes/manual'
[1.240s] INFO:colcon.colcon_core.package_selection:Skipping not selected package 'example_mode_rtl_replacement_cpp' in 'px4-ros2-interface-lib/examples/cpp/modes/rtl_replacement'
[1.240s] INFO:colcon.colcon_core.package_selection:Skipping not selected package 'example_mode_with_executor_cpp' in 'px4-ros2-interface-lib/examples/cpp/modes/mode_with_executor'
[1.241s] Level 1:colcon.colcon_core.package_discovery:discover_packages(prefix_path) check parameters
[1.242s] Level 1:colcon.colcon_core.package_discovery:discover_packages(prefix_path) discover
[1.253s] DEBUG:colcon.colcon_installed_package_information.package_discovery:Found 270 installed packages in /opt/ros/humble
[1.256s] Level 1:colcon.colcon_core.package_discovery:discover_packages(prefix_path) using defaults
[1.368s] Level 5:colcon.colcon_core.verb:set package 'px4_ros_com' build argument 'cmake_args' from command line to 'None'
[1.369s] Level 5:colcon.colcon_core.verb:set package 'px4_ros_com' build argument 'cmake_target' from command line to 'None'
[1.369s] Level 5:colcon.colcon_core.verb:set package 'px4_ros_com' build argument 'cmake_target_skip_unavailable' from command line to 'False'
[1.369s] Level 5:colcon.colcon_core.verb:set package 'px4_ros_com' build argument 'cmake_clean_cache' from command line to 'False'
[1.369s] Level 5:colcon.colcon_core.verb:set package 'px4_ros_com' build argument 'cmake_clean_first' from command line to 'False'
[1.369s] Level 5:colcon.colcon_core.verb:set package 'px4_ros_com' build argument 'cmake_force_configure' from command line to 'False'
[1.369s] Level 5:colcon.colcon_core.verb:set package 'px4_ros_com' build argument 'ament_cmake_args' from command line to 'None'
[1.369s] Level 5:colcon.colcon_core.verb:set package 'px4_ros_com' build argument 'catkin_cmake_args' from command line to 'None'
[1.369s] Level 5:colcon.colcon_core.verb:set package 'px4_ros_com' build argument 'catkin_skip_building_tests' from command line to 'False'
[1.370s] DEBUG:colcon.colcon_core.verb:Building package 'px4_ros_com' with the following arguments: {'ament_cmake_args': None, 'build_base': '/home/maav/SUAS_24-25/software_ws/src/build/px4_ros_com', 'catkin_cmake_args': None, 'catkin_skip_building_tests': False, 'cmake_args': None, 'cmake_clean_cache': False, 'cmake_clean_first': False, 'cmake_force_configure': False, 'cmake_target': None, 'cmake_target_skip_unavailable': False, 'install_base': '/home/maav/SUAS_24-25/software_ws/src/install/px4_ros_com', 'merge_install': False, 'path': '/home/maav/SUAS_24-25/software_ws/src/px4_ros_com', 'symlink_install': False, 'test_result_base': None}
[1.370s] INFO:colcon.colcon_core.executor:Executing jobs using 'parallel' executor
[1.374s] DEBUG:colcon.colcon_parallel_executor.executor.parallel:run_until_complete
[1.376s] INFO:colcon.colcon_ros.task.ament_cmake.build:Building ROS package in '/home/maav/SUAS_24-25/software_ws/src/px4_ros_com' with build type 'ament_cmake'
[1.377s] INFO:colcon.colcon_cmake.task.cmake.build:Building CMake package in '/home/maav/SUAS_24-25/software_ws/src/px4_ros_com'
[1.395s] INFO:colcon.colcon_core.plugin_system:Skipping extension 'colcon_core.shell.bat': Not used on non-Windows systems
[1.396s] INFO:colcon.colcon_core.shell:Skip shell extension 'powershell' for command environment: Not usable outside of PowerShell
[1.397s] DEBUG:colcon.colcon_core.shell:Skip shell extension 'dsv' for command environment
[1.400s] ERROR:colcon.colcon_cmake.task.cmake.build:Failed to find the following files:
- /home/maav/SUAS_24-25/software_ws/src/install/px4_msgs/share/px4_msgs/package.sh
Check that the following packages have been built:
- px4_msgs
[1.400s] Level 1:colcon.colcon_core.environment:create_environment_scripts_only(px4_ros_com)
[1.413s] Level 1:colcon.colcon_core.environment:checking '/home/maav/SUAS_24-25/software_ws/src/install/px4_ros_com' for CMake module files
[1.414s] Level 1:colcon.colcon_core.environment:checking '/home/maav/SUAS_24-25/software_ws/src/install/px4_ros_com' for CMake config files
[1.414s] Level 1:colcon.colcon_core.environment:checking '/home/maav/SUAS_24-25/software_ws/src/install/px4_ros_com/bin'
[1.415s] Level 1:colcon.colcon_core.environment:checking '/home/maav/SUAS_24-25/software_ws/src/install/px4_ros_com/lib/pkgconfig/px4_ros_com.pc'
[1.415s] Level 1:colcon.colcon_core.environment:checking '/home/maav/SUAS_24-25/software_ws/src/install/px4_ros_com/lib/python3.10/site-packages'
[1.415s] Level 1:colcon.colcon_core.environment:checking '/home/maav/SUAS_24-25/software_ws/src/install/px4_ros_com/bin'
[1.416s] INFO:colcon.colcon_core.shell:Creating package script '/home/maav/SUAS_24-25/software_ws/src/install/px4_ros_com/share/px4_ros_com/package.ps1'
[1.420s] INFO:colcon.colcon_core.shell:Creating package descriptor '/home/maav/SUAS_24-25/software_ws/src/install/px4_ros_com/share/px4_ros_com/package.dsv'
[1.424s] INFO:colcon.colcon_core.shell:Creating package script '/home/maav/SUAS_24-25/software_ws/src/install/px4_ros_com/share/px4_ros_com/package.sh'
[1.427s] INFO:colcon.colcon_core.shell:Creating package script '/home/maav/SUAS_24-25/software_ws/src/install/px4_ros_com/share/px4_ros_com/package.bash'
[1.432s] INFO:colcon.colcon_core.shell:Creating package script '/home/maav/SUAS_24-25/software_ws/src/install/px4_ros_com/share/px4_ros_com/package.zsh'
[1.435s] Level 1:colcon.colcon_core.environment:create_file_with_runtime_dependencies(/home/maav/SUAS_24-25/software_ws/src/install/px4_ros_com/share/colcon-core/packages/px4_ros_com)
[1.446s] DEBUG:colcon.colcon_parallel_executor.executor.parallel:closing loop
[1.447s] DEBUG:colcon.colcon_parallel_executor.executor.parallel:loop closed
[1.447s] DEBUG:colcon.colcon_parallel_executor.executor.parallel:run_until_complete finished with '1'
[1.447s] DEBUG:colcon.colcon_core.event_reactor:joining thread
[1.474s] INFO:colcon.colcon_core.plugin_system:Skipping extension 'colcon_notification.desktop_notification.terminal_notifier': Not used on non-Darwin systems
[1.475s] INFO:colcon.colcon_core.plugin_system:Skipping extension 'colcon_notification.desktop_notification.win32': Not used on non-Windows systems
[1.475s] INFO:colcon.colcon_notification.desktop_notification:Sending desktop notification using 'notify2'
[1.527s] DEBUG:colcon.colcon_core.event_reactor:joined thread
[1.527s] INFO:colcon.colcon_core.shell:Creating prefix script '/home/maav/SUAS_24-25/software_ws/src/install/local_setup.ps1'
[1.530s] INFO:colcon.colcon_core.shell:Creating prefix util module '/home/maav/SUAS_24-25/software_ws/src/install/_local_setup_util_ps1.py'
[1.533s] INFO:colcon.colcon_core.shell:Creating prefix chain script '/home/maav/SUAS_24-25/software_ws/src/install/setup.ps1'
[1.540s] INFO:colcon.colcon_core.shell:Creating prefix script '/home/maav/SUAS_24-25/software_ws/src/install/local_setup.sh'
[1.542s] INFO:colcon.colcon_core.shell:Creating prefix util module '/home/maav/SUAS_24-25/software_ws/src/install/_local_setup_util_sh.py'
[1.543s] INFO:colcon.colcon_core.shell:Creating prefix chain script '/home/maav/SUAS_24-25/software_ws/src/install/setup.sh'
[1.548s] INFO:colcon.colcon_core.shell:Creating prefix script '/home/maav/SUAS_24-25/software_ws/src/install/local_setup.bash'
[1.550s] INFO:colcon.colcon_core.shell:Creating prefix chain script '/home/maav/SUAS_24-25/software_ws/src/install/setup.bash'
[1.556s] INFO:colcon.colcon_core.shell:Creating prefix script '/home/maav/SUAS_24-25/software_ws/src/install/local_setup.zsh'
[1.563s] INFO:colcon.colcon_core.shell:Creating prefix chain script '/home/maav/SUAS_24-25/software_ws/src/install/setup.zsh'
