[0.139s] DEBUG:colcon:Command line arguments: ['/usr/bin/colcon', 'build', '--packages-select', 'px4_ros_com']
[0.139s] DEBUG:colcon:Parsed command line arguments: Namespace(log_base=None, log_level=None, verb_name='build', build_base='build', install_base='install', merge_install=False, symlink_install=False, test_result_base=None, continue_on_error=False, executor='parallel', parallel_workers=8, event_handlers=None, ignore_user_meta=False, metas=['./colcon.meta'], base_paths=['.'], packages_ignore=None, packages_ignore_regex=None, paths=None, packages_up_to=None, packages_up_to_regex=None, packages_above=None, packages_above_and_dependencies=None, packages_above_depth=None, packages_select_by_dep=None, packages_skip_by_dep=None, packages_skip_up_to=None, packages_select_build_failed=False, packages_skip_build_finished=False, packages_select_test_failures=False, packages_skip_test_passed=False, packages_select=['px4_ros_com'], packages_skip=None, packages_select_regex=None, packages_skip_regex=None, packages_start=None, packages_end=None, allow_overriding=[], cmake_args=None, cmake_target=None, cmake_target_skip_unavailable=False, cmake_clean_cache=False, cmake_clean_first=False, cmake_force_configure=False, ament_cmake_args=None, catkin_cmake_args=None, catkin_skip_building_tests=False, mixin_files=None, mixin=None, verb_parser=<colcon_mixin.mixin.mixin_argument.MixinArgumentDecorator object at 0x7dc93ea3ae90>, verb_extension=<colcon_core.verb.build.BuildVerb object at 0x7dc93eb3b640>, main=<bound method BuildVerb.main of <colcon_core.verb.build.BuildVerb object at 0x7dc93eb3b640>>, mixin_verb=('build',))
[0.189s] Level 1:colcon.colcon_core.package_discovery:discover_packages(colcon_meta) check parameters
[0.189s] Level 1:colcon.colcon_core.package_discovery:discover_packages(recursive) check parameters
[0.189s] Level 1:colcon.colcon_core.package_discovery:discover_packages(ignore) check parameters
[0.189s] Level 1:colcon.colcon_core.package_discovery:discover_packages(path) check parameters
[0.189s] Level 1:colcon.colcon_core.package_discovery:discover_packages(colcon_meta) discover
[0.190s] Level 1:colcon.colcon_core.package_discovery:discover_packages(recursive) discover
[0.190s] INFO:colcon.colcon_core.package_discovery:Crawling recursively for packages in '/home/maav/SUAS_24-25'
[0.190s] Level 1:colcon.colcon_core.package_identification:_identify(.) by extensions ['ignore', 'ignore_ament_install']
[0.190s] Level 1:colcon.colcon_core.package_identification:_identify(.) by extension 'ignore'
[0.190s] Level 1:colcon.colcon_core.package_identification:_identify(.) by extension 'ignore_ament_install'
[0.190s] Level 1:colcon.colcon_core.package_identification:_identify(.) by extensions ['colcon_pkg']
[0.190s] Level 1:colcon.colcon_core.package_identification:_identify(.) by extension 'colcon_pkg'
[0.190s] Level 1:colcon.colcon_core.package_identification:_identify(.) by extensions ['colcon_meta']
[0.190s] Level 1:colcon.colcon_core.package_identification:_identify(.) by extension 'colcon_meta'
[0.190s] Level 1:colcon.colcon_core.package_identification:_identify(.) by extensions ['ros']
[0.190s] Level 1:colcon.colcon_core.package_identification:_identify(.) by extension 'ros'
[0.209s] Level 1:colcon.colcon_core.package_identification:_identify(.) by extensions ['cmake', 'python']
[0.209s] Level 1:colcon.colcon_core.package_identification:_identify(.) by extension 'cmake'
[0.209s] Level 1:colcon.colcon_core.package_identification:_identify(.) by extension 'python'
[0.209s] Level 1:colcon.colcon_core.package_identification:_identify(.) by extensions ['python_setup_py']
[0.209s] Level 1:colcon.colcon_core.package_identification:_identify(.) by extension 'python_setup_py'
[0.209s] Level 1:colcon.colcon_core.package_identification:_identify(build) by extensions ['ignore', 'ignore_ament_install']
[0.209s] Level 1:colcon.colcon_core.package_identification:_identify(build) by extension 'ignore'
[0.209s] Level 1:colcon.colcon_core.package_identification:_identify(build) ignored
[0.209s] Level 1:colcon.colcon_core.package_identification:_identify(install) by extensions ['ignore', 'ignore_ament_install']
[0.209s] Level 1:colcon.colcon_core.package_identification:_identify(install) by extension 'ignore'
[0.209s] Level 1:colcon.colcon_core.package_identification:_identify(install) ignored
[0.210s] Level 1:colcon.colcon_core.package_identification:_identify(log) by extensions ['ignore', 'ignore_ament_install']
[0.210s] Level 1:colcon.colcon_core.package_identification:_identify(log) by extension 'ignore'
[0.210s] Level 1:colcon.colcon_core.package_identification:_identify(log) ignored
[0.210s] Level 1:colcon.colcon_core.package_identification:_identify(scripts) by extensions ['ignore', 'ignore_ament_install']
[0.210s] Level 1:colcon.colcon_core.package_identification:_identify(scripts) by extension 'ignore'
[0.210s] Level 1:colcon.colcon_core.package_identification:_identify(scripts) by extension 'ignore_ament_install'
[0.210s] Level 1:colcon.colcon_core.package_identification:_identify(scripts) by extensions ['colcon_pkg']
[0.210s] Level 1:colcon.colcon_core.package_identification:_identify(scripts) by extension 'colcon_pkg'
[0.210s] Level 1:colcon.colcon_core.package_identification:_identify(scripts) by extensions ['colcon_meta']
[0.210s] Level 1:colcon.colcon_core.package_identification:_identify(scripts) by extension 'colcon_meta'
[0.210s] Level 1:colcon.colcon_core.package_identification:_identify(scripts) by extensions ['ros']
[0.210s] Level 1:colcon.colcon_core.package_identification:_identify(scripts) by extension 'ros'
[0.210s] Level 1:colcon.colcon_core.package_identification:_identify(scripts) by extensions ['cmake', 'python']
[0.210s] Level 1:colcon.colcon_core.package_identification:_identify(scripts) by extension 'cmake'
[0.210s] Level 1:colcon.colcon_core.package_identification:_identify(scripts) by extension 'python'
[0.210s] Level 1:colcon.colcon_core.package_identification:_identify(scripts) by extensions ['python_setup_py']
[0.210s] Level 1:colcon.colcon_core.package_identification:_identify(scripts) by extension 'python_setup_py'
[0.211s] Level 1:colcon.colcon_core.package_identification:_identify(simulation) by extensions ['ignore', 'ignore_ament_install']
[0.211s] Level 1:colcon.colcon_core.package_identification:_identify(simulation) by extension 'ignore'
[0.211s] Level 1:colcon.colcon_core.package_identification:_identify(simulation) by extension 'ignore_ament_install'
[0.211s] Level 1:colcon.colcon_core.package_identification:_identify(simulation) by extensions ['colcon_pkg']
[0.211s] Level 1:colcon.colcon_core.package_identification:_identify(simulation) by extension 'colcon_pkg'
[0.211s] Level 1:colcon.colcon_core.package_identification:_identify(simulation) by extensions ['colcon_meta']
[0.211s] Level 1:colcon.colcon_core.package_identification:_identify(simulation) by extension 'colcon_meta'
[0.211s] Level 1:colcon.colcon_core.package_identification:_identify(simulation) by extensions ['ros']
[0.211s] Level 1:colcon.colcon_core.package_identification:_identify(simulation) by extension 'ros'
[0.214s] DEBUG:colcon.colcon_core.package_identification:Package 'simulation' with type 'ros.ament_cmake' and name 'simulation'
[0.214s] Level 1:colcon.colcon_core.package_identification:_identify(software_ws) by extensions ['ignore', 'ignore_ament_install']
[0.214s] Level 1:colcon.colcon_core.package_identification:_identify(software_ws) by extension 'ignore'
[0.214s] Level 1:colcon.colcon_core.package_identification:_identify(software_ws) by extension 'ignore_ament_install'
[0.215s] Level 1:colcon.colcon_core.package_identification:_identify(software_ws) by extensions ['colcon_pkg']
[0.215s] Level 1:colcon.colcon_core.package_identification:_identify(software_ws) by extension 'colcon_pkg'
[0.215s] Level 1:colcon.colcon_core.package_identification:_identify(software_ws) by extensions ['colcon_meta']
[0.215s] Level 1:colcon.colcon_core.package_identification:_identify(software_ws) by extension 'colcon_meta'
[0.215s] Level 1:colcon.colcon_core.package_identification:_identify(software_ws) by extensions ['ros']
[0.215s] Level 1:colcon.colcon_core.package_identification:_identify(software_ws) by extension 'ros'
[0.215s] Level 1:colcon.colcon_core.package_identification:_identify(software_ws) by extensions ['cmake', 'python']
[0.215s] Level 1:colcon.colcon_core.package_identification:_identify(software_ws) by extension 'cmake'
[0.215s] Level 1:colcon.colcon_core.package_identification:_identify(software_ws) by extension 'python'
[0.215s] Level 1:colcon.colcon_core.package_identification:_identify(software_ws) by extensions ['python_setup_py']
[0.215s] Level 1:colcon.colcon_core.package_identification:_identify(software_ws) by extension 'python_setup_py'
[0.215s] Level 1:colcon.colcon_core.package_identification:_identify(software_ws/ROS2-GPS2xyz) by extensions ['ignore', 'ignore_ament_install']
[0.216s] Level 1:colcon.colcon_core.package_identification:_identify(software_ws/ROS2-GPS2xyz) by extension 'ignore'
[0.216s] Level 1:colcon.colcon_core.package_identification:_identify(software_ws/ROS2-GPS2xyz) by extension 'ignore_ament_install'
[0.216s] Level 1:colcon.colcon_core.package_identification:_identify(software_ws/ROS2-GPS2xyz) by extensions ['colcon_pkg']
[0.216s] Level 1:colcon.colcon_core.package_identification:_identify(software_ws/ROS2-GPS2xyz) by extension 'colcon_pkg'
[0.216s] Level 1:colcon.colcon_core.package_identification:_identify(software_ws/ROS2-GPS2xyz) by extensions ['colcon_meta']
[0.216s] Level 1:colcon.colcon_core.package_identification:_identify(software_ws/ROS2-GPS2xyz) by extension 'colcon_meta'
[0.216s] Level 1:colcon.colcon_core.package_identification:_identify(software_ws/ROS2-GPS2xyz) by extensions ['ros']
[0.216s] Level 1:colcon.colcon_core.package_identification:_identify(software_ws/ROS2-GPS2xyz) by extension 'ros'
[0.216s] Level 1:colcon.colcon_core.package_identification:_identify(software_ws/ROS2-GPS2xyz) by extensions ['cmake', 'python']
[0.216s] Level 1:colcon.colcon_core.package_identification:_identify(software_ws/ROS2-GPS2xyz) by extension 'cmake'
[0.216s] Level 1:colcon.colcon_core.package_identification:_identify(software_ws/ROS2-GPS2xyz) by extension 'python'
[0.216s] Level 1:colcon.colcon_core.package_identification:_identify(software_ws/ROS2-GPS2xyz) by extensions ['python_setup_py']
[0.216s] Level 1:colcon.colcon_core.package_identification:_identify(software_ws/ROS2-GPS2xyz) by extension 'python_setup_py'
[0.217s] Level 1:colcon.colcon_core.package_identification:_identify(software_ws/ROS2-GPS2xyz/build) by extensions ['ignore', 'ignore_ament_install']
[0.217s] Level 1:colcon.colcon_core.package_identification:_identify(software_ws/ROS2-GPS2xyz/build) by extension 'ignore'
[0.217s] Level 1:colcon.colcon_core.package_identification:_identify(software_ws/ROS2-GPS2xyz/build) by extension 'ignore_ament_install'
[0.217s] Level 1:colcon.colcon_core.package_identification:_identify(software_ws/ROS2-GPS2xyz/build) by extensions ['colcon_pkg']
[0.217s] Level 1:colcon.colcon_core.package_identification:_identify(software_ws/ROS2-GPS2xyz/build) by extension 'colcon_pkg'
[0.217s] Level 1:colcon.colcon_core.package_identification:_identify(software_ws/ROS2-GPS2xyz/build) by extensions ['colcon_meta']
[0.217s] Level 1:colcon.colcon_core.package_identification:_identify(software_ws/ROS2-GPS2xyz/build) by extension 'colcon_meta'
[0.217s] Level 1:colcon.colcon_core.package_identification:_identify(software_ws/ROS2-GPS2xyz/build) by extensions ['ros']
[0.217s] Level 1:colcon.colcon_core.package_identification:_identify(software_ws/ROS2-GPS2xyz/build) by extension 'ros'
[0.217s] Level 1:colcon.colcon_core.package_identification:_identify(software_ws/ROS2-GPS2xyz/build) by extensions ['cmake', 'python']
[0.217s] Level 1:colcon.colcon_core.package_identification:_identify(software_ws/ROS2-GPS2xyz/build) by extension 'cmake'
[0.217s] Level 1:colcon.colcon_core.package_identification:_identify(software_ws/ROS2-GPS2xyz/build) by extension 'python'
[0.217s] Level 1:colcon.colcon_core.package_identification:_identify(software_ws/ROS2-GPS2xyz/build) by extensions ['python_setup_py']
[0.218s] Level 1:colcon.colcon_core.package_identification:_identify(software_ws/ROS2-GPS2xyz/build) by extension 'python_setup_py'
[0.218s] Level 1:colcon.colcon_core.package_identification:_identify(software_ws/ROS2-GPS2xyz/geodetic_utils) by extensions ['ignore', 'ignore_ament_install']
[0.218s] Level 1:colcon.colcon_core.package_identification:_identify(software_ws/ROS2-GPS2xyz/geodetic_utils) by extension 'ignore'
[0.218s] Level 1:colcon.colcon_core.package_identification:_identify(software_ws/ROS2-GPS2xyz/geodetic_utils) by extension 'ignore_ament_install'
[0.218s] Level 1:colcon.colcon_core.package_identification:_identify(software_ws/ROS2-GPS2xyz/geodetic_utils) by extensions ['colcon_pkg']
[0.218s] Level 1:colcon.colcon_core.package_identification:_identify(software_ws/ROS2-GPS2xyz/geodetic_utils) by extension 'colcon_pkg'
[0.218s] Level 1:colcon.colcon_core.package_identification:_identify(software_ws/ROS2-GPS2xyz/geodetic_utils) by extensions ['colcon_meta']
[0.218s] Level 1:colcon.colcon_core.package_identification:_identify(software_ws/ROS2-GPS2xyz/geodetic_utils) by extension 'colcon_meta'
[0.218s] Level 1:colcon.colcon_core.package_identification:_identify(software_ws/ROS2-GPS2xyz/geodetic_utils) by extensions ['ros']
[0.218s] Level 1:colcon.colcon_core.package_identification:_identify(software_ws/ROS2-GPS2xyz/geodetic_utils) by extension 'ros'
[0.219s] DEBUG:colcon.colcon_core.package_identification:Package 'software_ws/ROS2-GPS2xyz/geodetic_utils' with type 'ros.ament_cmake' and name 'geodetic_utils'
[0.219s] Level 1:colcon.colcon_core.package_identification:_identify(software_ws/build) by extensions ['ignore', 'ignore_ament_install']
[0.220s] Level 1:colcon.colcon_core.package_identification:_identify(software_ws/build) by extension 'ignore'
[0.220s] Level 1:colcon.colcon_core.package_identification:_identify(software_ws/build) ignored
[0.220s] Level 1:colcon.colcon_core.package_identification:_identify(software_ws/eigen-git-mirror) by extensions ['ignore', 'ignore_ament_install']
[0.220s] Level 1:colcon.colcon_core.package_identification:_identify(software_ws/eigen-git-mirror) by extension 'ignore'
[0.220s] Level 1:colcon.colcon_core.package_identification:_identify(software_ws/eigen-git-mirror) by extension 'ignore_ament_install'
[0.220s] Level 1:colcon.colcon_core.package_identification:_identify(software_ws/eigen-git-mirror) by extensions ['colcon_pkg']
[0.220s] Level 1:colcon.colcon_core.package_identification:_identify(software_ws/eigen-git-mirror) by extension 'colcon_pkg'
[0.220s] Level 1:colcon.colcon_core.package_identification:_identify(software_ws/eigen-git-mirror) by extensions ['colcon_meta']
[0.221s] Level 1:colcon.colcon_core.package_identification:_identify(software_ws/eigen-git-mirror) by extension 'colcon_meta'
[0.221s] Level 1:colcon.colcon_core.package_identification:_identify(software_ws/eigen-git-mirror) by extensions ['ros']
[0.221s] Level 1:colcon.colcon_core.package_identification:_identify(software_ws/eigen-git-mirror) by extension 'ros'
[0.221s] Level 1:colcon.colcon_core.package_identification:_identify(software_ws/eigen-git-mirror) by extensions ['cmake', 'python']
[0.221s] Level 1:colcon.colcon_core.package_identification:_identify(software_ws/eigen-git-mirror) by extension 'cmake'
[0.664s] Level 1:colcon.colcon_core.package_identification:_identify(software_ws/eigen-git-mirror) by extension 'python'
[0.664s] DEBUG:colcon.colcon_core.package_identification:Package 'software_ws/eigen-git-mirror' with type 'cmake' and name 'Eigen3'
[0.664s] Level 1:colcon.colcon_core.package_identification:_identify(software_ws/install) by extensions ['ignore', 'ignore_ament_install']
[0.664s] Level 1:colcon.colcon_core.package_identification:_identify(software_ws/install) by extension 'ignore'
[0.664s] Level 1:colcon.colcon_core.package_identification:_identify(software_ws/install) ignored
[0.665s] Level 1:colcon.colcon_core.package_identification:_identify(software_ws/log) by extensions ['ignore', 'ignore_ament_install']
[0.665s] Level 1:colcon.colcon_core.package_identification:_identify(software_ws/log) by extension 'ignore'
[0.665s] Level 1:colcon.colcon_core.package_identification:_identify(software_ws/log) ignored
[0.665s] Level 1:colcon.colcon_core.package_identification:_identify(software_ws/src) by extensions ['ignore', 'ignore_ament_install']
[0.665s] Level 1:colcon.colcon_core.package_identification:_identify(software_ws/src) by extension 'ignore'
[0.665s] Level 1:colcon.colcon_core.package_identification:_identify(software_ws/src) by extension 'ignore_ament_install'
[0.665s] Level 1:colcon.colcon_core.package_identification:_identify(software_ws/src) by extensions ['colcon_pkg']
[0.665s] Level 1:colcon.colcon_core.package_identification:_identify(software_ws/src) by extension 'colcon_pkg'
[0.665s] Level 1:colcon.colcon_core.package_identification:_identify(software_ws/src) by extensions ['colcon_meta']
[0.665s] Level 1:colcon.colcon_core.package_identification:_identify(software_ws/src) by extension 'colcon_meta'
[0.665s] Level 1:colcon.colcon_core.package_identification:_identify(software_ws/src) by extensions ['ros']
[0.665s] Level 1:colcon.colcon_core.package_identification:_identify(software_ws/src) by extension 'ros'
[0.666s] Level 1:colcon.colcon_core.package_identification:_identify(software_ws/src) by extensions ['cmake', 'python']
[0.666s] Level 1:colcon.colcon_core.package_identification:_identify(software_ws/src) by extension 'cmake'
[0.666s] Level 1:colcon.colcon_core.package_identification:_identify(software_ws/src) by extension 'python'
[0.666s] Level 1:colcon.colcon_core.package_identification:_identify(software_ws/src) by extensions ['python_setup_py']
[0.666s] Level 1:colcon.colcon_core.package_identification:_identify(software_ws/src) by extension 'python_setup_py'
[0.666s] Level 1:colcon.colcon_core.package_identification:_identify(software_ws/src/my_package) by extensions ['ignore', 'ignore_ament_install']
[0.666s] Level 1:colcon.colcon_core.package_identification:_identify(software_ws/src/my_package) by extension 'ignore'
[0.666s] Level 1:colcon.colcon_core.package_identification:_identify(software_ws/src/my_package) by extension 'ignore_ament_install'
[0.666s] Level 1:colcon.colcon_core.package_identification:_identify(software_ws/src/my_package) by extensions ['colcon_pkg']
[0.666s] Level 1:colcon.colcon_core.package_identification:_identify(software_ws/src/my_package) by extension 'colcon_pkg'
[0.666s] Level 1:colcon.colcon_core.package_identification:_identify(software_ws/src/my_package) by extensions ['colcon_meta']
[0.666s] Level 1:colcon.colcon_core.package_identification:_identify(software_ws/src/my_package) by extension 'colcon_meta'
[0.667s] Level 1:colcon.colcon_core.package_identification:_identify(software_ws/src/my_package) by extensions ['ros']
[0.667s] Level 1:colcon.colcon_core.package_identification:_identify(software_ws/src/my_package) by extension 'ros'
[0.667s] DEBUG:colcon.colcon_core.package_identification:Package 'software_ws/src/my_package' with type 'ros.ament_cmake' and name 'my_package'
[0.667s] Level 1:colcon.colcon_core.package_identification:_identify(software_ws/src/px4_msgs) by extensions ['ignore', 'ignore_ament_install']
[0.667s] Level 1:colcon.colcon_core.package_identification:_identify(software_ws/src/px4_msgs) by extension 'ignore'
[0.667s] Level 1:colcon.colcon_core.package_identification:_identify(software_ws/src/px4_msgs) by extension 'ignore_ament_install'
[0.668s] Level 1:colcon.colcon_core.package_identification:_identify(software_ws/src/px4_msgs) by extensions ['colcon_pkg']
[0.668s] Level 1:colcon.colcon_core.package_identification:_identify(software_ws/src/px4_msgs) by extension 'colcon_pkg'
[0.668s] Level 1:colcon.colcon_core.package_identification:_identify(software_ws/src/px4_msgs) by extensions ['colcon_meta']
[0.668s] Level 1:colcon.colcon_core.package_identification:_identify(software_ws/src/px4_msgs) by extension 'colcon_meta'
[0.668s] Level 1:colcon.colcon_core.package_identification:_identify(software_ws/src/px4_msgs) by extensions ['ros']
[0.668s] Level 1:colcon.colcon_core.package_identification:_identify(software_ws/src/px4_msgs) by extension 'ros'
[0.669s] DEBUG:colcon.colcon_core.package_identification:Package 'software_ws/src/px4_msgs' with type 'ros.ament_cmake' and name 'px4_msgs'
[0.669s] Level 1:colcon.colcon_core.package_identification:_identify(software_ws/src/px4_ros_com) by extensions ['ignore', 'ignore_ament_install']
[0.669s] Level 1:colcon.colcon_core.package_identification:_identify(software_ws/src/px4_ros_com) by extension 'ignore'
[0.669s] Level 1:colcon.colcon_core.package_identification:_identify(software_ws/src/px4_ros_com) by extension 'ignore_ament_install'
[0.669s] Level 1:colcon.colcon_core.package_identification:_identify(software_ws/src/px4_ros_com) by extensions ['colcon_pkg']
[0.669s] Level 1:colcon.colcon_core.package_identification:_identify(software_ws/src/px4_ros_com) by extension 'colcon_pkg'
[0.669s] Level 1:colcon.colcon_core.package_identification:_identify(software_ws/src/px4_ros_com) by extensions ['colcon_meta']
[0.669s] Level 1:colcon.colcon_core.package_identification:_identify(software_ws/src/px4_ros_com) by extension 'colcon_meta'
[0.669s] Level 1:colcon.colcon_core.package_identification:_identify(software_ws/src/px4_ros_com) by extensions ['ros']
[0.669s] Level 1:colcon.colcon_core.package_identification:_identify(software_ws/src/px4_ros_com) by extension 'ros'
[0.671s] DEBUG:colcon.colcon_core.package_identification:Package 'software_ws/src/px4_ros_com' with type 'ros.ament_cmake' and name 'px4_ros_com'
[0.671s] Level 1:colcon.colcon_core.package_identification:_identify(software_ws/src/ros_tutorials) by extensions ['ignore', 'ignore_ament_install']
[0.671s] Level 1:colcon.colcon_core.package_identification:_identify(software_ws/src/ros_tutorials) by extension 'ignore'
[0.671s] Level 1:colcon.colcon_core.package_identification:_identify(software_ws/src/ros_tutorials) by extension 'ignore_ament_install'
[0.671s] Level 1:colcon.colcon_core.package_identification:_identify(software_ws/src/ros_tutorials) by extensions ['colcon_pkg']
[0.671s] Level 1:colcon.colcon_core.package_identification:_identify(software_ws/src/ros_tutorials) by extension 'colcon_pkg'
[0.671s] Level 1:colcon.colcon_core.package_identification:_identify(software_ws/src/ros_tutorials) by extensions ['colcon_meta']
[0.671s] Level 1:colcon.colcon_core.package_identification:_identify(software_ws/src/ros_tutorials) by extension 'colcon_meta'
[0.671s] Level 1:colcon.colcon_core.package_identification:_identify(software_ws/src/ros_tutorials) by extensions ['ros']
[0.671s] Level 1:colcon.colcon_core.package_identification:_identify(software_ws/src/ros_tutorials) by extension 'ros'
[0.671s] Level 1:colcon.colcon_core.package_identification:_identify(software_ws/src/ros_tutorials) by extensions ['cmake', 'python']
[0.672s] Level 1:colcon.colcon_core.package_identification:_identify(software_ws/src/ros_tutorials) by extension 'cmake'
[0.672s] Level 1:colcon.colcon_core.package_identification:_identify(software_ws/src/ros_tutorials) by extension 'python'
[0.672s] Level 1:colcon.colcon_core.package_identification:_identify(software_ws/src/ros_tutorials) by extensions ['python_setup_py']
[0.672s] Level 1:colcon.colcon_core.package_identification:_identify(software_ws/src/ros_tutorials) by extension 'python_setup_py'
[0.672s] Level 1:colcon.colcon_core.package_identification:_identify(software_ws/src/ros_tutorials/ros_tutorials) by extensions ['ignore', 'ignore_ament_install']
[0.672s] Level 1:colcon.colcon_core.package_identification:_identify(software_ws/src/ros_tutorials/ros_tutorials) by extension 'ignore'
[0.672s] Level 1:colcon.colcon_core.package_identification:_identify(software_ws/src/ros_tutorials/ros_tutorials) ignored
[0.672s] Level 1:colcon.colcon_core.package_identification:_identify(software_ws/src/ros_tutorials/roscpp_tutorials) by extensions ['ignore', 'ignore_ament_install']
[0.672s] Level 1:colcon.colcon_core.package_identification:_identify(software_ws/src/ros_tutorials/roscpp_tutorials) by extension 'ignore'
[0.672s] Level 1:colcon.colcon_core.package_identification:_identify(software_ws/src/ros_tutorials/roscpp_tutorials) ignored
[0.672s] Level 1:colcon.colcon_core.package_identification:_identify(software_ws/src/ros_tutorials/rospy_tutorials) by extensions ['ignore', 'ignore_ament_install']
[0.672s] Level 1:colcon.colcon_core.package_identification:_identify(software_ws/src/ros_tutorials/rospy_tutorials) by extension 'ignore'
[0.673s] Level 1:colcon.colcon_core.package_identification:_identify(software_ws/src/ros_tutorials/rospy_tutorials) ignored
[0.673s] Level 1:colcon.colcon_core.package_identification:_identify(software_ws/src/ros_tutorials/turtlesim) by extensions ['ignore', 'ignore_ament_install']
[0.673s] Level 1:colcon.colcon_core.package_identification:_identify(software_ws/src/ros_tutorials/turtlesim) by extension 'ignore'
[0.673s] Level 1:colcon.colcon_core.package_identification:_identify(software_ws/src/ros_tutorials/turtlesim) by extension 'ignore_ament_install'
[0.673s] Level 1:colcon.colcon_core.package_identification:_identify(software_ws/src/ros_tutorials/turtlesim) by extensions ['colcon_pkg']
[0.673s] Level 1:colcon.colcon_core.package_identification:_identify(software_ws/src/ros_tutorials/turtlesim) by extension 'colcon_pkg'
[0.673s] Level 1:colcon.colcon_core.package_identification:_identify(software_ws/src/ros_tutorials/turtlesim) by extensions ['colcon_meta']
[0.673s] Level 1:colcon.colcon_core.package_identification:_identify(software_ws/src/ros_tutorials/turtlesim) by extension 'colcon_meta'
[0.673s] Level 1:colcon.colcon_core.package_identification:_identify(software_ws/src/ros_tutorials/turtlesim) by extensions ['ros']
[0.673s] Level 1:colcon.colcon_core.package_identification:_identify(software_ws/src/ros_tutorials/turtlesim) by extension 'ros'
[0.675s] DEBUG:colcon.colcon_core.package_identification:Package 'software_ws/src/ros_tutorials/turtlesim' with type 'ros.ament_cmake' and name 'turtlesim'
[0.675s] Level 1:colcon.colcon_core.package_identification:_identify(software_ws/src/takeoff) by extensions ['ignore', 'ignore_ament_install']
[0.675s] Level 1:colcon.colcon_core.package_identification:_identify(software_ws/src/takeoff) by extension 'ignore'
[0.675s] Level 1:colcon.colcon_core.package_identification:_identify(software_ws/src/takeoff) by extension 'ignore_ament_install'
[0.675s] Level 1:colcon.colcon_core.package_identification:_identify(software_ws/src/takeoff) by extensions ['colcon_pkg']
[0.675s] Level 1:colcon.colcon_core.package_identification:_identify(software_ws/src/takeoff) by extension 'colcon_pkg'
[0.675s] Level 1:colcon.colcon_core.package_identification:_identify(software_ws/src/takeoff) by extensions ['colcon_meta']
[0.675s] Level 1:colcon.colcon_core.package_identification:_identify(software_ws/src/takeoff) by extension 'colcon_meta'
[0.676s] Level 1:colcon.colcon_core.package_identification:_identify(software_ws/src/takeoff) by extensions ['ros']
[0.676s] Level 1:colcon.colcon_core.package_identification:_identify(software_ws/src/takeoff) by extension 'ros'
[0.678s] DEBUG:colcon.colcon_core.package_identification:Package 'software_ws/src/takeoff' with type 'ros.ament_cmake' and name 'turtlesim'
[0.678s] Level 1:colcon.colcon_core.package_identification:_identify(software_ws/src/tutorial_package) by extensions ['ignore', 'ignore_ament_install']
[0.678s] Level 1:colcon.colcon_core.package_identification:_identify(software_ws/src/tutorial_package) by extension 'ignore'
[0.678s] Level 1:colcon.colcon_core.package_identification:_identify(software_ws/src/tutorial_package) by extension 'ignore_ament_install'
[0.679s] Level 1:colcon.colcon_core.package_identification:_identify(software_ws/src/tutorial_package) by extensions ['colcon_pkg']
[0.679s] Level 1:colcon.colcon_core.package_identification:_identify(software_ws/src/tutorial_package) by extension 'colcon_pkg'
[0.679s] Level 1:colcon.colcon_core.package_identification:_identify(software_ws/src/tutorial_package) by extensions ['colcon_meta']
[0.679s] Level 1:colcon.colcon_core.package_identification:_identify(software_ws/src/tutorial_package) by extension 'colcon_meta'
[0.679s] Level 1:colcon.colcon_core.package_identification:_identify(software_ws/src/tutorial_package) by extensions ['ros']
[0.679s] Level 1:colcon.colcon_core.package_identification:_identify(software_ws/src/tutorial_package) by extension 'ros'
[0.680s] DEBUG:colcon.colcon_core.package_identification:Package 'software_ws/src/tutorial_package' with type 'ros.ament_cmake' and name 'tutorial_package'
[0.680s] Level 1:colcon.colcon_core.package_identification:_identify(software_ws/src/waypoint_generation) by extensions ['ignore', 'ignore_ament_install']
[0.680s] Level 1:colcon.colcon_core.package_identification:_identify(software_ws/src/waypoint_generation) by extension 'ignore'
[0.680s] Level 1:colcon.colcon_core.package_identification:_identify(software_ws/src/waypoint_generation) by extension 'ignore_ament_install'
[0.680s] Level 1:colcon.colcon_core.package_identification:_identify(software_ws/src/waypoint_generation) by extensions ['colcon_pkg']
[0.680s] Level 1:colcon.colcon_core.package_identification:_identify(software_ws/src/waypoint_generation) by extension 'colcon_pkg'
[0.680s] Level 1:colcon.colcon_core.package_identification:_identify(software_ws/src/waypoint_generation) by extensions ['colcon_meta']
[0.680s] Level 1:colcon.colcon_core.package_identification:_identify(software_ws/src/waypoint_generation) by extension 'colcon_meta'
[0.680s] Level 1:colcon.colcon_core.package_identification:_identify(software_ws/src/waypoint_generation) by extensions ['ros']
[0.680s] Level 1:colcon.colcon_core.package_identification:_identify(software_ws/src/waypoint_generation) by extension 'ros'
[0.681s] Level 1:colcon.colcon_core.package_identification:_identify(software_ws/src/waypoint_generation) by extensions ['cmake', 'python']
[0.681s] Level 1:colcon.colcon_core.package_identification:_identify(software_ws/src/waypoint_generation) by extension 'cmake'
[0.681s] Level 1:colcon.colcon_core.package_identification:_identify(software_ws/src/waypoint_generation) by extension 'python'
[0.681s] Level 1:colcon.colcon_core.package_identification:_identify(software_ws/src/waypoint_generation) by extensions ['python_setup_py']
[0.681s] Level 1:colcon.colcon_core.package_identification:_identify(software_ws/src/waypoint_generation) by extension 'python_setup_py'
[0.681s] Level 1:colcon.colcon_core.package_identification:_identify(software_ws/src/waypoint_generation/templates) by extensions ['ignore', 'ignore_ament_install']
[0.681s] Level 1:colcon.colcon_core.package_identification:_identify(software_ws/src/waypoint_generation/templates) by extension 'ignore'
[0.681s] Level 1:colcon.colcon_core.package_identification:_identify(software_ws/src/waypoint_generation/templates) by extension 'ignore_ament_install'
[0.681s] Level 1:colcon.colcon_core.package_identification:_identify(software_ws/src/waypoint_generation/templates) by extensions ['colcon_pkg']
[0.681s] Level 1:colcon.colcon_core.package_identification:_identify(software_ws/src/waypoint_generation/templates) by extension 'colcon_pkg'
[0.681s] Level 1:colcon.colcon_core.package_identification:_identify(software_ws/src/waypoint_generation/templates) by extensions ['colcon_meta']
[0.681s] Level 1:colcon.colcon_core.package_identification:_identify(software_ws/src/waypoint_generation/templates) by extension 'colcon_meta'
[0.681s] Level 1:colcon.colcon_core.package_identification:_identify(software_ws/src/waypoint_generation/templates) by extensions ['ros']
[0.682s] Level 1:colcon.colcon_core.package_identification:_identify(software_ws/src/waypoint_generation/templates) by extension 'ros'
[0.682s] Level 1:colcon.colcon_core.package_identification:_identify(software_ws/src/waypoint_generation/templates) by extensions ['cmake', 'python']
[0.682s] Level 1:colcon.colcon_core.package_identification:_identify(software_ws/src/waypoint_generation/templates) by extension 'cmake'
[0.682s] Level 1:colcon.colcon_core.package_identification:_identify(software_ws/src/waypoint_generation/templates) by extension 'python'
[0.682s] Level 1:colcon.colcon_core.package_identification:_identify(software_ws/src/waypoint_generation/templates) by extensions ['python_setup_py']
[0.682s] Level 1:colcon.colcon_core.package_identification:_identify(software_ws/src/waypoint_generation/templates) by extension 'python_setup_py'
[0.682s] Level 1:colcon.colcon_core.package_discovery:discover_packages(recursive) using defaults
[0.682s] Level 1:colcon.colcon_core.package_discovery:discover_packages(ignore) discover
[0.682s] Level 1:colcon.colcon_core.package_discovery:discover_packages(ignore) using defaults
[0.682s] Level 1:colcon.colcon_core.package_discovery:discover_packages(path) discover
[0.682s] Level 1:colcon.colcon_core.package_discovery:discover_packages(path) using defaults
[0.710s] INFO:colcon.colcon_core.package_selection:Skipping not selected package 'Eigen3' in 'software_ws/eigen-git-mirror'
[0.710s] INFO:colcon.colcon_core.package_selection:Skipping not selected package 'geodetic_utils' in 'software_ws/ROS2-GPS2xyz/geodetic_utils'
[0.710s] INFO:colcon.colcon_core.package_selection:Skipping not selected package 'my_package' in 'software_ws/src/my_package'
[0.710s] INFO:colcon.colcon_core.package_selection:Skipping not selected package 'px4_msgs' in 'software_ws/src/px4_msgs'
[0.710s] INFO:colcon.colcon_core.package_selection:Skipping not selected package 'simulation' in 'simulation'
[0.710s] INFO:colcon.colcon_core.package_selection:Skipping not selected package 'turtlesim' in 'software_ws/src/ros_tutorials/turtlesim'
[0.710s] INFO:colcon.colcon_core.package_selection:Skipping not selected package 'turtlesim' in 'software_ws/src/takeoff'
[0.710s] INFO:colcon.colcon_core.package_selection:Skipping not selected package 'tutorial_package' in 'software_ws/src/tutorial_package'
[0.711s] Level 1:colcon.colcon_core.package_discovery:discover_packages(prefix_path) check parameters
[0.711s] Level 1:colcon.colcon_core.package_discovery:discover_packages(prefix_path) discover
[0.713s] DEBUG:colcon.colcon_installed_package_information.package_discovery:Found 4 installed packages in /home/maav/SUAS_24-25/software_ws/install
[0.714s] DEBUG:colcon.colcon_installed_package_information.package_discovery:Found 270 installed packages in /opt/ros/humble
[0.717s] Level 1:colcon.colcon_core.package_discovery:discover_packages(prefix_path) using defaults
[0.767s] Level 5:colcon.colcon_core.verb:set package 'px4_ros_com' build argument 'cmake_args' from command line to 'None'
[0.767s] Level 5:colcon.colcon_core.verb:set package 'px4_ros_com' build argument 'cmake_target' from command line to 'None'
[0.767s] Level 5:colcon.colcon_core.verb:set package 'px4_ros_com' build argument 'cmake_target_skip_unavailable' from command line to 'False'
[0.767s] Level 5:colcon.colcon_core.verb:set package 'px4_ros_com' build argument 'cmake_clean_cache' from command line to 'False'
[0.767s] Level 5:colcon.colcon_core.verb:set package 'px4_ros_com' build argument 'cmake_clean_first' from command line to 'False'
[0.767s] Level 5:colcon.colcon_core.verb:set package 'px4_ros_com' build argument 'cmake_force_configure' from command line to 'False'
[0.767s] Level 5:colcon.colcon_core.verb:set package 'px4_ros_com' build argument 'ament_cmake_args' from command line to 'None'
[0.767s] Level 5:colcon.colcon_core.verb:set package 'px4_ros_com' build argument 'catkin_cmake_args' from command line to 'None'
[0.767s] Level 5:colcon.colcon_core.verb:set package 'px4_ros_com' build argument 'catkin_skip_building_tests' from command line to 'False'
[0.767s] DEBUG:colcon.colcon_core.verb:Building package 'px4_ros_com' with the following arguments: {'ament_cmake_args': None, 'build_base': '/home/maav/SUAS_24-25/build/px4_ros_com', 'catkin_cmake_args': None, 'catkin_skip_building_tests': False, 'cmake_args': None, 'cmake_clean_cache': False, 'cmake_clean_first': False, 'cmake_force_configure': False, 'cmake_target': None, 'cmake_target_skip_unavailable': False, 'install_base': '/home/maav/SUAS_24-25/install/px4_ros_com', 'merge_install': False, 'path': '/home/maav/SUAS_24-25/software_ws/src/px4_ros_com', 'symlink_install': False, 'test_result_base': None}
[0.767s] INFO:colcon.colcon_core.executor:Executing jobs using 'parallel' executor
[0.768s] DEBUG:colcon.colcon_parallel_executor.executor.parallel:run_until_complete
[0.769s] INFO:colcon.colcon_ros.task.ament_cmake.build:Building ROS package in '/home/maav/SUAS_24-25/software_ws/src/px4_ros_com' with build type 'ament_cmake'
[0.769s] INFO:colcon.colcon_cmake.task.cmake.build:Building CMake package in '/home/maav/SUAS_24-25/software_ws/src/px4_ros_com'
[0.771s] INFO:colcon.colcon_core.plugin_system:Skipping extension 'colcon_core.shell.bat': Not used on non-Windows systems
[0.772s] INFO:colcon.colcon_core.shell:Skip shell extension 'powershell' for command environment: Not usable outside of PowerShell
[0.772s] DEBUG:colcon.colcon_core.shell:Skip shell extension 'dsv' for command environment
[0.774s] WARNING:colcon.colcon_core.shell:The following packages are in the workspace but haven't been built:
- px4_msgs
They are being used from the following locations instead:
- /home/maav/SUAS_24-25/software_ws/install/px4_msgs
To suppress this warning ignore these packages in the workspace:
--packages-ignore px4_msgs
[0.782s] DEBUG:colcon.colcon_core.event_handler.log_command:Invoking command in '/home/maav/SUAS_24-25/build/px4_ros_com': CMAKE_PREFIX_PATH=${CMAKE_PREFIX_PATH}:/opt/ros/humble /usr/bin/cmake --build /home/maav/SUAS_24-25/build/px4_ros_com -- -j8 -l8
[1.307s] DEBUG:colcon.colcon_core.event_handler.log_command:Invoked command in '/home/maav/SUAS_24-25/build/px4_ros_com' returned '0': CMAKE_PREFIX_PATH=${CMAKE_PREFIX_PATH}:/opt/ros/humble /usr/bin/cmake --build /home/maav/SUAS_24-25/build/px4_ros_com -- -j8 -l8
[1.380s] DEBUG:colcon.colcon_core.event_handler.log_command:Invoking command in '/home/maav/SUAS_24-25/build/px4_ros_com': CMAKE_PREFIX_PATH=${CMAKE_PREFIX_PATH}:/opt/ros/humble /usr/bin/cmake --install /home/maav/SUAS_24-25/build/px4_ros_com
[1.447s] Level 1:colcon.colcon_core.environment:create_environment_scripts_only(px4_ros_com)
[1.448s] DEBUG:colcon.colcon_core.event_handler.log_command:Invoked command in '/home/maav/SUAS_24-25/build/px4_ros_com' returned '0': CMAKE_PREFIX_PATH=${CMAKE_PREFIX_PATH}:/opt/ros/humble /usr/bin/cmake --install /home/maav/SUAS_24-25/build/px4_ros_com
[1.451s] Level 1:colcon.colcon_core.environment:checking '/home/maav/SUAS_24-25/install/px4_ros_com' for CMake module files
[1.451s] Level 1:colcon.colcon_core.environment:checking '/home/maav/SUAS_24-25/install/px4_ros_com' for CMake config files
[1.452s] Level 1:colcon.colcon_core.shell:create_environment_hook('px4_ros_com', 'cmake_prefix_path')
[1.452s] INFO:colcon.colcon_core.shell:Creating environment hook '/home/maav/SUAS_24-25/install/px4_ros_com/share/px4_ros_com/hook/cmake_prefix_path.ps1'
[1.452s] INFO:colcon.colcon_core.shell:Creating environment descriptor '/home/maav/SUAS_24-25/install/px4_ros_com/share/px4_ros_com/hook/cmake_prefix_path.dsv'
[1.453s] INFO:colcon.colcon_core.shell:Creating environment hook '/home/maav/SUAS_24-25/install/px4_ros_com/share/px4_ros_com/hook/cmake_prefix_path.sh'
[1.454s] Level 1:colcon.colcon_core.environment:checking '/home/maav/SUAS_24-25/install/px4_ros_com/lib'
[1.454s] Level 1:colcon.colcon_core.shell:create_environment_hook('px4_ros_com', 'ld_library_path_lib')
[1.455s] INFO:colcon.colcon_core.shell:Creating environment hook '/home/maav/SUAS_24-25/install/px4_ros_com/share/px4_ros_com/hook/ld_library_path_lib.ps1'
[1.455s] INFO:colcon.colcon_core.shell:Creating environment descriptor '/home/maav/SUAS_24-25/install/px4_ros_com/share/px4_ros_com/hook/ld_library_path_lib.dsv'
[1.456s] INFO:colcon.colcon_core.shell:Creating environment hook '/home/maav/SUAS_24-25/install/px4_ros_com/share/px4_ros_com/hook/ld_library_path_lib.sh'
[1.456s] Level 1:colcon.colcon_core.environment:checking '/home/maav/SUAS_24-25/install/px4_ros_com/bin'
[1.456s] Level 1:colcon.colcon_core.environment:checking '/home/maav/SUAS_24-25/install/px4_ros_com/lib/pkgconfig/px4_ros_com.pc'
[1.456s] Level 1:colcon.colcon_core.environment:checking '/home/maav/SUAS_24-25/install/px4_ros_com/lib/python3.10/site-packages'
[1.457s] Level 1:colcon.colcon_core.environment:checking '/home/maav/SUAS_24-25/install/px4_ros_com/bin'
[1.457s] INFO:colcon.colcon_core.shell:Creating package script '/home/maav/SUAS_24-25/install/px4_ros_com/share/px4_ros_com/package.ps1'
[1.458s] INFO:colcon.colcon_core.shell:Creating package descriptor '/home/maav/SUAS_24-25/install/px4_ros_com/share/px4_ros_com/package.dsv'
[1.459s] INFO:colcon.colcon_core.shell:Creating package script '/home/maav/SUAS_24-25/install/px4_ros_com/share/px4_ros_com/package.sh'
[1.460s] INFO:colcon.colcon_core.shell:Creating package script '/home/maav/SUAS_24-25/install/px4_ros_com/share/px4_ros_com/package.bash'
[1.460s] INFO:colcon.colcon_core.shell:Creating package script '/home/maav/SUAS_24-25/install/px4_ros_com/share/px4_ros_com/package.zsh'
[1.461s] Level 1:colcon.colcon_core.environment:create_file_with_runtime_dependencies(/home/maav/SUAS_24-25/install/px4_ros_com/share/colcon-core/packages/px4_ros_com)
[1.522s] Level 1:colcon.colcon_core.environment:create_environment_scripts_only(px4_ros_com)
[1.522s] Level 1:colcon.colcon_core.environment:checking '/home/maav/SUAS_24-25/install/px4_ros_com' for CMake module files
[1.523s] Level 1:colcon.colcon_core.environment:checking '/home/maav/SUAS_24-25/install/px4_ros_com' for CMake config files
[1.523s] Level 1:colcon.colcon_core.shell:create_environment_hook('px4_ros_com', 'cmake_prefix_path')
[1.523s] INFO:colcon.colcon_core.shell:Creating environment hook '/home/maav/SUAS_24-25/install/px4_ros_com/share/px4_ros_com/hook/cmake_prefix_path.ps1'
[1.524s] INFO:colcon.colcon_core.shell:Creating environment descriptor '/home/maav/SUAS_24-25/install/px4_ros_com/share/px4_ros_com/hook/cmake_prefix_path.dsv'
[1.524s] INFO:colcon.colcon_core.shell:Creating environment hook '/home/maav/SUAS_24-25/install/px4_ros_com/share/px4_ros_com/hook/cmake_prefix_path.sh'
[1.525s] Level 1:colcon.colcon_core.environment:checking '/home/maav/SUAS_24-25/install/px4_ros_com/lib'
[1.525s] Level 1:colcon.colcon_core.shell:create_environment_hook('px4_ros_com', 'ld_library_path_lib')
[1.526s] INFO:colcon.colcon_core.shell:Creating environment hook '/home/maav/SUAS_24-25/install/px4_ros_com/share/px4_ros_com/hook/ld_library_path_lib.ps1'
[1.526s] INFO:colcon.colcon_core.shell:Creating environment descriptor '/home/maav/SUAS_24-25/install/px4_ros_com/share/px4_ros_com/hook/ld_library_path_lib.dsv'
[1.527s] INFO:colcon.colcon_core.shell:Creating environment hook '/home/maav/SUAS_24-25/install/px4_ros_com/share/px4_ros_com/hook/ld_library_path_lib.sh'
[1.527s] Level 1:colcon.colcon_core.environment:checking '/home/maav/SUAS_24-25/install/px4_ros_com/bin'
[1.527s] Level 1:colcon.colcon_core.environment:checking '/home/maav/SUAS_24-25/install/px4_ros_com/lib/pkgconfig/px4_ros_com.pc'
[1.528s] Level 1:colcon.colcon_core.environment:checking '/home/maav/SUAS_24-25/install/px4_ros_com/lib/python3.10/site-packages'
[1.528s] Level 1:colcon.colcon_core.environment:checking '/home/maav/SUAS_24-25/install/px4_ros_com/bin'
[1.528s] INFO:colcon.colcon_core.shell:Creating package script '/home/maav/SUAS_24-25/install/px4_ros_com/share/px4_ros_com/package.ps1'
[1.529s] INFO:colcon.colcon_core.shell:Creating package descriptor '/home/maav/SUAS_24-25/install/px4_ros_com/share/px4_ros_com/package.dsv'
[1.529s] INFO:colcon.colcon_core.shell:Creating package script '/home/maav/SUAS_24-25/install/px4_ros_com/share/px4_ros_com/package.sh'
[1.530s] INFO:colcon.colcon_core.shell:Creating package script '/home/maav/SUAS_24-25/install/px4_ros_com/share/px4_ros_com/package.bash'
[1.531s] INFO:colcon.colcon_core.shell:Creating package script '/home/maav/SUAS_24-25/install/px4_ros_com/share/px4_ros_com/package.zsh'
[1.531s] Level 1:colcon.colcon_core.environment:create_file_with_runtime_dependencies(/home/maav/SUAS_24-25/install/px4_ros_com/share/colcon-core/packages/px4_ros_com)
[1.532s] DEBUG:colcon.colcon_parallel_executor.executor.parallel:closing loop
[1.532s] DEBUG:colcon.colcon_parallel_executor.executor.parallel:loop closed
[1.532s] DEBUG:colcon.colcon_parallel_executor.executor.parallel:run_until_complete finished with '0'
[1.532s] DEBUG:colcon.colcon_core.event_reactor:joining thread
[1.538s] INFO:colcon.colcon_core.plugin_system:Skipping extension 'colcon_notification.desktop_notification.terminal_notifier': Not used on non-Darwin systems
[1.538s] INFO:colcon.colcon_core.plugin_system:Skipping extension 'colcon_notification.desktop_notification.win32': Not used on non-Windows systems
[1.539s] INFO:colcon.colcon_notification.desktop_notification:Sending desktop notification using 'notify2'
[1.551s] DEBUG:colcon.colcon_core.event_reactor:joined thread
[1.552s] INFO:colcon.colcon_core.shell:Creating prefix script '/home/maav/SUAS_24-25/install/local_setup.ps1'
[1.553s] INFO:colcon.colcon_core.shell:Creating prefix util module '/home/maav/SUAS_24-25/install/_local_setup_util_ps1.py'
[1.555s] INFO:colcon.colcon_core.shell:Creating prefix chain script '/home/maav/SUAS_24-25/install/setup.ps1'
[1.557s] INFO:colcon.colcon_core.shell:Creating prefix script '/home/maav/SUAS_24-25/install/local_setup.sh'
[1.559s] INFO:colcon.colcon_core.shell:Creating prefix util module '/home/maav/SUAS_24-25/install/_local_setup_util_sh.py'
[1.560s] INFO:colcon.colcon_core.shell:Creating prefix chain script '/home/maav/SUAS_24-25/install/setup.sh'
[1.562s] INFO:colcon.colcon_core.shell:Creating prefix script '/home/maav/SUAS_24-25/install/local_setup.bash'
[1.563s] INFO:colcon.colcon_core.shell:Creating prefix chain script '/home/maav/SUAS_24-25/install/setup.bash'
[1.564s] INFO:colcon.colcon_core.shell:Creating prefix script '/home/maav/SUAS_24-25/install/local_setup.zsh'
[1.565s] INFO:colcon.colcon_core.shell:Creating prefix chain script '/home/maav/SUAS_24-25/install/setup.zsh'
