[0.731s] DEBUG:colcon:Command line arguments: ['/usr/bin/colcon', 'build', '--packages-select', 'px4_ros_com']
[0.732s] DEBUG:colcon:Parsed command line arguments: Namespace(log_base=None, log_level=None, verb_name='build', build_base='build', install_base='install', merge_install=False, symlink_install=False, test_result_base=None, continue_on_error=False, executor='parallel', parallel_workers=8, event_handlers=None, ignore_user_meta=False, metas=['./colcon.meta'], base_paths=['.'], packages_ignore=None, packages_ignore_regex=None, paths=None, packages_up_to=None, packages_up_to_regex=None, packages_above=None, packages_above_and_dependencies=None, packages_above_depth=None, packages_select_by_dep=None, packages_skip_by_dep=None, packages_skip_up_to=None, packages_select_build_failed=False, packages_skip_build_finished=False, packages_select_test_failures=False, packages_skip_test_passed=False, packages_select=['px4_ros_com'], packages_skip=None, packages_select_regex=None, packages_skip_regex=None, packages_start=None, packages_end=None, allow_overriding=[], cmake_args=None, cmake_target=None, cmake_target_skip_unavailable=False, cmake_clean_cache=False, cmake_clean_first=False, cmake_force_configure=False, ament_cmake_args=None, catkin_cmake_args=None, catkin_skip_building_tests=False, mixin_files=None, mixin=None, verb_parser=<colcon_mixin.mixin.mixin_argument.MixinArgumentDecorator object at 0x72b8f82fe050>, verb_extension=<colcon_core.verb.build.BuildVerb object at 0x72b8f82735b0>, main=<bound method BuildVerb.main of <colcon_core.verb.build.BuildVerb object at 0x72b8f82735b0>>, mixin_verb=('build',))
[0.952s] Level 1:colcon.colcon_core.package_discovery:discover_packages(colcon_meta) check parameters
[0.952s] Level 1:colcon.colcon_core.package_discovery:discover_packages(recursive) check parameters
[0.952s] Level 1:colcon.colcon_core.package_discovery:discover_packages(ignore) check parameters
[0.952s] Level 1:colcon.colcon_core.package_discovery:discover_packages(path) check parameters
[0.952s] Level 1:colcon.colcon_core.package_discovery:discover_packages(colcon_meta) discover
[0.952s] Level 1:colcon.colcon_core.package_discovery:discover_packages(recursive) discover
[0.952s] INFO:colcon.colcon_core.package_discovery:Crawling recursively for packages in '/home/maav/SUAS_24-25'
[0.953s] Level 1:colcon.colcon_core.package_identification:_identify(.) by extensions ['ignore', 'ignore_ament_install']
[0.953s] Level 1:colcon.colcon_core.package_identification:_identify(.) by extension 'ignore'
[0.954s] Level 1:colcon.colcon_core.package_identification:_identify(.) by extension 'ignore_ament_install'
[0.954s] Level 1:colcon.colcon_core.package_identification:_identify(.) by extensions ['colcon_pkg']
[0.955s] Level 1:colcon.colcon_core.package_identification:_identify(.) by extension 'colcon_pkg'
[0.955s] Level 1:colcon.colcon_core.package_identification:_identify(.) by extensions ['colcon_meta']
[0.955s] Level 1:colcon.colcon_core.package_identification:_identify(.) by extension 'colcon_meta'
[0.955s] Level 1:colcon.colcon_core.package_identification:_identify(.) by extensions ['ros']
[0.955s] Level 1:colcon.colcon_core.package_identification:_identify(.) by extension 'ros'
[1.015s] Level 1:colcon.colcon_core.package_identification:_identify(.) by extensions ['cmake', 'python']
[1.015s] Level 1:colcon.colcon_core.package_identification:_identify(.) by extension 'cmake'
[1.016s] Level 1:colcon.colcon_core.package_identification:_identify(.) by extension 'python'
[1.016s] Level 1:colcon.colcon_core.package_identification:_identify(.) by extensions ['python_setup_py']
[1.016s] Level 1:colcon.colcon_core.package_identification:_identify(.) by extension 'python_setup_py'
[1.016s] Level 1:colcon.colcon_core.package_identification:_identify(build) by extensions ['ignore', 'ignore_ament_install']
[1.017s] Level 1:colcon.colcon_core.package_identification:_identify(build) by extension 'ignore'
[1.017s] Level 1:colcon.colcon_core.package_identification:_identify(build) ignored
[1.018s] Level 1:colcon.colcon_core.package_identification:_identify(install) by extensions ['ignore', 'ignore_ament_install']
[1.018s] Level 1:colcon.colcon_core.package_identification:_identify(install) by extension 'ignore'
[1.018s] Level 1:colcon.colcon_core.package_identification:_identify(install) ignored
[1.018s] Level 1:colcon.colcon_core.package_identification:_identify(log) by extensions ['ignore', 'ignore_ament_install']
[1.019s] Level 1:colcon.colcon_core.package_identification:_identify(log) by extension 'ignore'
[1.019s] Level 1:colcon.colcon_core.package_identification:_identify(log) ignored
[1.020s] Level 1:colcon.colcon_core.package_identification:_identify(scripts) by extensions ['ignore', 'ignore_ament_install']
[1.020s] Level 1:colcon.colcon_core.package_identification:_identify(scripts) by extension 'ignore'
[1.020s] Level 1:colcon.colcon_core.package_identification:_identify(scripts) by extension 'ignore_ament_install'
[1.020s] Level 1:colcon.colcon_core.package_identification:_identify(scripts) by extensions ['colcon_pkg']
[1.020s] Level 1:colcon.colcon_core.package_identification:_identify(scripts) by extension 'colcon_pkg'
[1.020s] Level 1:colcon.colcon_core.package_identification:_identify(scripts) by extensions ['colcon_meta']
[1.020s] Level 1:colcon.colcon_core.package_identification:_identify(scripts) by extension 'colcon_meta'
[1.021s] Level 1:colcon.colcon_core.package_identification:_identify(scripts) by extensions ['ros']
[1.021s] Level 1:colcon.colcon_core.package_identification:_identify(scripts) by extension 'ros'
[1.021s] Level 1:colcon.colcon_core.package_identification:_identify(scripts) by extensions ['cmake', 'python']
[1.021s] Level 1:colcon.colcon_core.package_identification:_identify(scripts) by extension 'cmake'
[1.021s] Level 1:colcon.colcon_core.package_identification:_identify(scripts) by extension 'python'
[1.021s] Level 1:colcon.colcon_core.package_identification:_identify(scripts) by extensions ['python_setup_py']
[1.021s] Level 1:colcon.colcon_core.package_identification:_identify(scripts) by extension 'python_setup_py'
[1.021s] Level 1:colcon.colcon_core.package_identification:_identify(simulation) by extensions ['ignore', 'ignore_ament_install']
[1.021s] Level 1:colcon.colcon_core.package_identification:_identify(simulation) by extension 'ignore'
[1.021s] Level 1:colcon.colcon_core.package_identification:_identify(simulation) by extension 'ignore_ament_install'
[1.022s] Level 1:colcon.colcon_core.package_identification:_identify(simulation) by extensions ['colcon_pkg']
[1.022s] Level 1:colcon.colcon_core.package_identification:_identify(simulation) by extension 'colcon_pkg'
[1.022s] Level 1:colcon.colcon_core.package_identification:_identify(simulation) by extensions ['colcon_meta']
[1.022s] Level 1:colcon.colcon_core.package_identification:_identify(simulation) by extension 'colcon_meta'
[1.022s] Level 1:colcon.colcon_core.package_identification:_identify(simulation) by extensions ['ros']
[1.022s] Level 1:colcon.colcon_core.package_identification:_identify(simulation) by extension 'ros'
[1.033s] DEBUG:colcon.colcon_core.package_identification:Package 'simulation' with type 'ros.ament_cmake' and name 'simulation'
[1.033s] Level 1:colcon.colcon_core.package_identification:_identify(software_ws) by extensions ['ignore', 'ignore_ament_install']
[1.034s] Level 1:colcon.colcon_core.package_identification:_identify(software_ws) by extension 'ignore'
[1.034s] Level 1:colcon.colcon_core.package_identification:_identify(software_ws) by extension 'ignore_ament_install'
[1.035s] Level 1:colcon.colcon_core.package_identification:_identify(software_ws) by extensions ['colcon_pkg']
[1.035s] Level 1:colcon.colcon_core.package_identification:_identify(software_ws) by extension 'colcon_pkg'
[1.035s] Level 1:colcon.colcon_core.package_identification:_identify(software_ws) by extensions ['colcon_meta']
[1.035s] Level 1:colcon.colcon_core.package_identification:_identify(software_ws) by extension 'colcon_meta'
[1.035s] Level 1:colcon.colcon_core.package_identification:_identify(software_ws) by extensions ['ros']
[1.035s] Level 1:colcon.colcon_core.package_identification:_identify(software_ws) by extension 'ros'
[1.036s] Level 1:colcon.colcon_core.package_identification:_identify(software_ws) by extensions ['cmake', 'python']
[1.036s] Level 1:colcon.colcon_core.package_identification:_identify(software_ws) by extension 'cmake'
[1.036s] Level 1:colcon.colcon_core.package_identification:_identify(software_ws) by extension 'python'
[1.036s] Level 1:colcon.colcon_core.package_identification:_identify(software_ws) by extensions ['python_setup_py']
[1.036s] Level 1:colcon.colcon_core.package_identification:_identify(software_ws) by extension 'python_setup_py'
[1.037s] Level 1:colcon.colcon_core.package_identification:_identify(software_ws/build) by extensions ['ignore', 'ignore_ament_install']
[1.037s] Level 1:colcon.colcon_core.package_identification:_identify(software_ws/build) by extension 'ignore'
[1.037s] Level 1:colcon.colcon_core.package_identification:_identify(software_ws/build) ignored
[1.038s] Level 1:colcon.colcon_core.package_identification:_identify(software_ws/install) by extensions ['ignore', 'ignore_ament_install']
[1.038s] Level 1:colcon.colcon_core.package_identification:_identify(software_ws/install) by extension 'ignore'
[1.038s] Level 1:colcon.colcon_core.package_identification:_identify(software_ws/install) ignored
[1.038s] Level 1:colcon.colcon_core.package_identification:_identify(software_ws/log) by extensions ['ignore', 'ignore_ament_install']
[1.038s] Level 1:colcon.colcon_core.package_identification:_identify(software_ws/log) by extension 'ignore'
[1.038s] Level 1:colcon.colcon_core.package_identification:_identify(software_ws/log) ignored
[1.039s] Level 1:colcon.colcon_core.package_identification:_identify(software_ws/src) by extensions ['ignore', 'ignore_ament_install']
[1.039s] Level 1:colcon.colcon_core.package_identification:_identify(software_ws/src) by extension 'ignore'
[1.039s] Level 1:colcon.colcon_core.package_identification:_identify(software_ws/src) by extension 'ignore_ament_install'
[1.039s] Level 1:colcon.colcon_core.package_identification:_identify(software_ws/src) by extensions ['colcon_pkg']
[1.039s] Level 1:colcon.colcon_core.package_identification:_identify(software_ws/src) by extension 'colcon_pkg'
[1.039s] Level 1:colcon.colcon_core.package_identification:_identify(software_ws/src) by extensions ['colcon_meta']
[1.039s] Level 1:colcon.colcon_core.package_identification:_identify(software_ws/src) by extension 'colcon_meta'
[1.039s] Level 1:colcon.colcon_core.package_identification:_identify(software_ws/src) by extensions ['ros']
[1.039s] Level 1:colcon.colcon_core.package_identification:_identify(software_ws/src) by extension 'ros'
[1.039s] Level 1:colcon.colcon_core.package_identification:_identify(software_ws/src) by extensions ['cmake', 'python']
[1.039s] Level 1:colcon.colcon_core.package_identification:_identify(software_ws/src) by extension 'cmake'
[1.039s] Level 1:colcon.colcon_core.package_identification:_identify(software_ws/src) by extension 'python'
[1.040s] Level 1:colcon.colcon_core.package_identification:_identify(software_ws/src) by extensions ['python_setup_py']
[1.040s] Level 1:colcon.colcon_core.package_identification:_identify(software_ws/src) by extension 'python_setup_py'
[1.040s] Level 1:colcon.colcon_core.package_identification:_identify(software_ws/src/my_package) by extensions ['ignore', 'ignore_ament_install']
[1.041s] Level 1:colcon.colcon_core.package_identification:_identify(software_ws/src/my_package) by extension 'ignore'
[1.041s] Level 1:colcon.colcon_core.package_identification:_identify(software_ws/src/my_package) by extension 'ignore_ament_install'
[1.041s] Level 1:colcon.colcon_core.package_identification:_identify(software_ws/src/my_package) by extensions ['colcon_pkg']
[1.041s] Level 1:colcon.colcon_core.package_identification:_identify(software_ws/src/my_package) by extension 'colcon_pkg'
[1.042s] Level 1:colcon.colcon_core.package_identification:_identify(software_ws/src/my_package) by extensions ['colcon_meta']
[1.042s] Level 1:colcon.colcon_core.package_identification:_identify(software_ws/src/my_package) by extension 'colcon_meta'
[1.042s] Level 1:colcon.colcon_core.package_identification:_identify(software_ws/src/my_package) by extensions ['ros']
[1.042s] Level 1:colcon.colcon_core.package_identification:_identify(software_ws/src/my_package) by extension 'ros'
[1.045s] DEBUG:colcon.colcon_core.package_identification:Package 'software_ws/src/my_package' with type 'ros.ament_cmake' and name 'my_package'
[1.046s] Level 1:colcon.colcon_core.package_identification:_identify(software_ws/src/px4_msgs) by extensions ['ignore', 'ignore_ament_install']
[1.046s] Level 1:colcon.colcon_core.package_identification:_identify(software_ws/src/px4_msgs) by extension 'ignore'
[1.046s] Level 1:colcon.colcon_core.package_identification:_identify(software_ws/src/px4_msgs) by extension 'ignore_ament_install'
[1.046s] Level 1:colcon.colcon_core.package_identification:_identify(software_ws/src/px4_msgs) by extensions ['colcon_pkg']
[1.046s] Level 1:colcon.colcon_core.package_identification:_identify(software_ws/src/px4_msgs) by extension 'colcon_pkg'
[1.046s] Level 1:colcon.colcon_core.package_identification:_identify(software_ws/src/px4_msgs) by extensions ['colcon_meta']
[1.046s] Level 1:colcon.colcon_core.package_identification:_identify(software_ws/src/px4_msgs) by extension 'colcon_meta'
[1.047s] Level 1:colcon.colcon_core.package_identification:_identify(software_ws/src/px4_msgs) by extensions ['ros']
[1.047s] Level 1:colcon.colcon_core.package_identification:_identify(software_ws/src/px4_msgs) by extension 'ros'
[1.049s] DEBUG:colcon.colcon_core.package_identification:Package 'software_ws/src/px4_msgs' with type 'ros.ament_cmake' and name 'px4_msgs'
[1.050s] Level 1:colcon.colcon_core.package_identification:_identify(software_ws/src/px4_ros_com) by extensions ['ignore', 'ignore_ament_install']
[1.050s] Level 1:colcon.colcon_core.package_identification:_identify(software_ws/src/px4_ros_com) by extension 'ignore'
[1.050s] Level 1:colcon.colcon_core.package_identification:_identify(software_ws/src/px4_ros_com) by extension 'ignore_ament_install'
[1.051s] Level 1:colcon.colcon_core.package_identification:_identify(software_ws/src/px4_ros_com) by extensions ['colcon_pkg']
[1.051s] Level 1:colcon.colcon_core.package_identification:_identify(software_ws/src/px4_ros_com) by extension 'colcon_pkg'
[1.051s] Level 1:colcon.colcon_core.package_identification:_identify(software_ws/src/px4_ros_com) by extensions ['colcon_meta']
[1.051s] Level 1:colcon.colcon_core.package_identification:_identify(software_ws/src/px4_ros_com) by extension 'colcon_meta'
[1.051s] Level 1:colcon.colcon_core.package_identification:_identify(software_ws/src/px4_ros_com) by extensions ['ros']
[1.051s] Level 1:colcon.colcon_core.package_identification:_identify(software_ws/src/px4_ros_com) by extension 'ros'
[1.055s] DEBUG:colcon.colcon_core.package_identification:Package 'software_ws/src/px4_ros_com' with type 'ros.ament_cmake' and name 'px4_ros_com'
[1.056s] Level 1:colcon.colcon_core.package_identification:_identify(software_ws/src/ros_tutorials) by extensions ['ignore', 'ignore_ament_install']
[1.057s] Level 1:colcon.colcon_core.package_identification:_identify(software_ws/src/ros_tutorials) by extension 'ignore'
[1.057s] Level 1:colcon.colcon_core.package_identification:_identify(software_ws/src/ros_tutorials) by extension 'ignore_ament_install'
[1.058s] Level 1:colcon.colcon_core.package_identification:_identify(software_ws/src/ros_tutorials) by extensions ['colcon_pkg']
[1.058s] Level 1:colcon.colcon_core.package_identification:_identify(software_ws/src/ros_tutorials) by extension 'colcon_pkg'
[1.058s] Level 1:colcon.colcon_core.package_identification:_identify(software_ws/src/ros_tutorials) by extensions ['colcon_meta']
[1.058s] Level 1:colcon.colcon_core.package_identification:_identify(software_ws/src/ros_tutorials) by extension 'colcon_meta'
[1.058s] Level 1:colcon.colcon_core.package_identification:_identify(software_ws/src/ros_tutorials) by extensions ['ros']
[1.059s] Level 1:colcon.colcon_core.package_identification:_identify(software_ws/src/ros_tutorials) by extension 'ros'
[1.059s] Level 1:colcon.colcon_core.package_identification:_identify(software_ws/src/ros_tutorials) by extensions ['cmake', 'python']
[1.059s] Level 1:colcon.colcon_core.package_identification:_identify(software_ws/src/ros_tutorials) by extension 'cmake'
[1.059s] Level 1:colcon.colcon_core.package_identification:_identify(software_ws/src/ros_tutorials) by extension 'python'
[1.059s] Level 1:colcon.colcon_core.package_identification:_identify(software_ws/src/ros_tutorials) by extensions ['python_setup_py']
[1.059s] Level 1:colcon.colcon_core.package_identification:_identify(software_ws/src/ros_tutorials) by extension 'python_setup_py'
[1.059s] Level 1:colcon.colcon_core.package_identification:_identify(software_ws/src/ros_tutorials/ros_tutorials) by extensions ['ignore', 'ignore_ament_install']
[1.060s] Level 1:colcon.colcon_core.package_identification:_identify(software_ws/src/ros_tutorials/ros_tutorials) by extension 'ignore'
[1.060s] Level 1:colcon.colcon_core.package_identification:_identify(software_ws/src/ros_tutorials/ros_tutorials) ignored
[1.061s] Level 1:colcon.colcon_core.package_identification:_identify(software_ws/src/ros_tutorials/roscpp_tutorials) by extensions ['ignore', 'ignore_ament_install']
[1.061s] Level 1:colcon.colcon_core.package_identification:_identify(software_ws/src/ros_tutorials/roscpp_tutorials) by extension 'ignore'
[1.061s] Level 1:colcon.colcon_core.package_identification:_identify(software_ws/src/ros_tutorials/roscpp_tutorials) ignored
[1.062s] Level 1:colcon.colcon_core.package_identification:_identify(software_ws/src/ros_tutorials/rospy_tutorials) by extensions ['ignore', 'ignore_ament_install']
[1.062s] Level 1:colcon.colcon_core.package_identification:_identify(software_ws/src/ros_tutorials/rospy_tutorials) by extension 'ignore'
[1.062s] Level 1:colcon.colcon_core.package_identification:_identify(software_ws/src/ros_tutorials/rospy_tutorials) ignored
[1.063s] Level 1:colcon.colcon_core.package_identification:_identify(software_ws/src/ros_tutorials/turtlesim) by extensions ['ignore', 'ignore_ament_install']
[1.063s] Level 1:colcon.colcon_core.package_identification:_identify(software_ws/src/ros_tutorials/turtlesim) by extension 'ignore'
[1.063s] Level 1:colcon.colcon_core.package_identification:_identify(software_ws/src/ros_tutorials/turtlesim) by extension 'ignore_ament_install'
[1.063s] Level 1:colcon.colcon_core.package_identification:_identify(software_ws/src/ros_tutorials/turtlesim) by extensions ['colcon_pkg']
[1.063s] Level 1:colcon.colcon_core.package_identification:_identify(software_ws/src/ros_tutorials/turtlesim) by extension 'colcon_pkg'
[1.063s] Level 1:colcon.colcon_core.package_identification:_identify(software_ws/src/ros_tutorials/turtlesim) by extensions ['colcon_meta']
[1.063s] Level 1:colcon.colcon_core.package_identification:_identify(software_ws/src/ros_tutorials/turtlesim) by extension 'colcon_meta'
[1.063s] Level 1:colcon.colcon_core.package_identification:_identify(software_ws/src/ros_tutorials/turtlesim) by extensions ['ros']
[1.063s] Level 1:colcon.colcon_core.package_identification:_identify(software_ws/src/ros_tutorials/turtlesim) by extension 'ros'
[1.067s] DEBUG:colcon.colcon_core.package_identification:Package 'software_ws/src/ros_tutorials/turtlesim' with type 'ros.ament_cmake' and name 'turtlesim'
[1.067s] Level 1:colcon.colcon_core.package_identification:_identify(software_ws/src/takeoff) by extensions ['ignore', 'ignore_ament_install']
[1.067s] Level 1:colcon.colcon_core.package_identification:_identify(software_ws/src/takeoff) by extension 'ignore'
[1.067s] Level 1:colcon.colcon_core.package_identification:_identify(software_ws/src/takeoff) by extension 'ignore_ament_install'
[1.068s] Level 1:colcon.colcon_core.package_identification:_identify(software_ws/src/takeoff) by extensions ['colcon_pkg']
[1.068s] Level 1:colcon.colcon_core.package_identification:_identify(software_ws/src/takeoff) by extension 'colcon_pkg'
[1.068s] Level 1:colcon.colcon_core.package_identification:_identify(software_ws/src/takeoff) by extensions ['colcon_meta']
[1.068s] Level 1:colcon.colcon_core.package_identification:_identify(software_ws/src/takeoff) by extension 'colcon_meta'
[1.068s] Level 1:colcon.colcon_core.package_identification:_identify(software_ws/src/takeoff) by extensions ['ros']
[1.068s] Level 1:colcon.colcon_core.package_identification:_identify(software_ws/src/takeoff) by extension 'ros'
[1.073s] DEBUG:colcon.colcon_core.package_identification:Package 'software_ws/src/takeoff' with type 'ros.ament_cmake' and name 'turtlesim'
[1.074s] Level 1:colcon.colcon_core.package_identification:_identify(software_ws/src/tutorial_package) by extensions ['ignore', 'ignore_ament_install']
[1.075s] Level 1:colcon.colcon_core.package_identification:_identify(software_ws/src/tutorial_package) by extension 'ignore'
[1.075s] Level 1:colcon.colcon_core.package_identification:_identify(software_ws/src/tutorial_package) by extension 'ignore_ament_install'
[1.075s] Level 1:colcon.colcon_core.package_identification:_identify(software_ws/src/tutorial_package) by extensions ['colcon_pkg']
[1.075s] Level 1:colcon.colcon_core.package_identification:_identify(software_ws/src/tutorial_package) by extension 'colcon_pkg'
[1.075s] Level 1:colcon.colcon_core.package_identification:_identify(software_ws/src/tutorial_package) by extensions ['colcon_meta']
[1.075s] Level 1:colcon.colcon_core.package_identification:_identify(software_ws/src/tutorial_package) by extension 'colcon_meta'
[1.076s] Level 1:colcon.colcon_core.package_identification:_identify(software_ws/src/tutorial_package) by extensions ['ros']
[1.076s] Level 1:colcon.colcon_core.package_identification:_identify(software_ws/src/tutorial_package) by extension 'ros'
[1.079s] DEBUG:colcon.colcon_core.package_identification:Package 'software_ws/src/tutorial_package' with type 'ros.ament_cmake' and name 'tutorial_package'
[1.079s] Level 1:colcon.colcon_core.package_discovery:discover_packages(recursive) using defaults
[1.079s] Level 1:colcon.colcon_core.package_discovery:discover_packages(ignore) discover
[1.079s] Level 1:colcon.colcon_core.package_discovery:discover_packages(ignore) using defaults
[1.079s] Level 1:colcon.colcon_core.package_discovery:discover_packages(path) discover
[1.079s] Level 1:colcon.colcon_core.package_discovery:discover_packages(path) using defaults
[1.148s] INFO:colcon.colcon_core.package_selection:Skipping not selected package 'my_package' in 'software_ws/src/my_package'
[1.148s] INFO:colcon.colcon_core.package_selection:Skipping not selected package 'px4_msgs' in 'software_ws/src/px4_msgs'
[1.148s] INFO:colcon.colcon_core.package_selection:Skipping not selected package 'simulation' in 'simulation'
[1.148s] INFO:colcon.colcon_core.package_selection:Skipping not selected package 'turtlesim' in 'software_ws/src/ros_tutorials/turtlesim'
[1.148s] INFO:colcon.colcon_core.package_selection:Skipping not selected package 'turtlesim' in 'software_ws/src/takeoff'
[1.148s] INFO:colcon.colcon_core.package_selection:Skipping not selected package 'tutorial_package' in 'software_ws/src/tutorial_package'
[1.150s] Level 1:colcon.colcon_core.package_discovery:discover_packages(prefix_path) check parameters
[1.150s] Level 1:colcon.colcon_core.package_discovery:discover_packages(prefix_path) discover
[1.158s] Level 1:colcon.colcon_core.package_discovery:discover_packages(prefix_path) using defaults
[1.162s] Level 5:colcon.colcon_core.verb:set package 'px4_ros_com' build argument 'cmake_args' from command line to 'None'
[1.162s] Level 5:colcon.colcon_core.verb:set package 'px4_ros_com' build argument 'cmake_target' from command line to 'None'
[1.162s] Level 5:colcon.colcon_core.verb:set package 'px4_ros_com' build argument 'cmake_target_skip_unavailable' from command line to 'False'
[1.162s] Level 5:colcon.colcon_core.verb:set package 'px4_ros_com' build argument 'cmake_clean_cache' from command line to 'False'
[1.162s] Level 5:colcon.colcon_core.verb:set package 'px4_ros_com' build argument 'cmake_clean_first' from command line to 'False'
[1.162s] Level 5:colcon.colcon_core.verb:set package 'px4_ros_com' build argument 'cmake_force_configure' from command line to 'False'
[1.162s] Level 5:colcon.colcon_core.verb:set package 'px4_ros_com' build argument 'ament_cmake_args' from command line to 'None'
[1.163s] Level 5:colcon.colcon_core.verb:set package 'px4_ros_com' build argument 'catkin_cmake_args' from command line to 'None'
[1.163s] Level 5:colcon.colcon_core.verb:set package 'px4_ros_com' build argument 'catkin_skip_building_tests' from command line to 'False'
[1.163s] DEBUG:colcon.colcon_core.verb:Building package 'px4_ros_com' with the following arguments: {'ament_cmake_args': None, 'build_base': '/home/maav/SUAS_24-25/build/px4_ros_com', 'catkin_cmake_args': None, 'catkin_skip_building_tests': False, 'cmake_args': None, 'cmake_clean_cache': False, 'cmake_clean_first': False, 'cmake_force_configure': False, 'cmake_target': None, 'cmake_target_skip_unavailable': False, 'install_base': '/home/maav/SUAS_24-25/install/px4_ros_com', 'merge_install': False, 'path': '/home/maav/SUAS_24-25/software_ws/src/px4_ros_com', 'symlink_install': False, 'test_result_base': None}
[1.164s] INFO:colcon.colcon_core.executor:Executing jobs using 'parallel' executor
[1.166s] DEBUG:colcon.colcon_parallel_executor.executor.parallel:run_until_complete
[1.167s] INFO:colcon.colcon_ros.task.ament_cmake.build:Building ROS package in '/home/maav/SUAS_24-25/software_ws/src/px4_ros_com' with build type 'ament_cmake'
[1.168s] INFO:colcon.colcon_cmake.task.cmake.build:Building CMake package in '/home/maav/SUAS_24-25/software_ws/src/px4_ros_com'
[1.177s] INFO:colcon.colcon_core.plugin_system:Skipping extension 'colcon_core.shell.bat': Not used on non-Windows systems
[1.178s] INFO:colcon.colcon_core.shell:Skip shell extension 'powershell' for command environment: Not usable outside of PowerShell
[1.178s] DEBUG:colcon.colcon_core.shell:Skip shell extension 'dsv' for command environment
[1.180s] ERROR:colcon.colcon_cmake.task.cmake.build:Failed to find the following files:
- /home/maav/SUAS_24-25/install/px4_msgs/share/px4_msgs/package.sh
Check that the following packages have been built:
- px4_msgs
[1.181s] Level 1:colcon.colcon_core.environment:create_environment_scripts_only(px4_ros_com)
[1.201s] Level 1:colcon.colcon_core.environment:checking '/home/maav/SUAS_24-25/install/px4_ros_com' for CMake module files
[1.203s] Level 1:colcon.colcon_core.environment:checking '/home/maav/SUAS_24-25/install/px4_ros_com' for CMake config files
[1.205s] Level 1:colcon.colcon_core.environment:checking '/home/maav/SUAS_24-25/install/px4_ros_com/bin'
[1.206s] Level 1:colcon.colcon_core.environment:checking '/home/maav/SUAS_24-25/install/px4_ros_com/lib/pkgconfig/px4_ros_com.pc'
[1.210s] Level 1:colcon.colcon_core.environment:checking '/home/maav/SUAS_24-25/install/px4_ros_com/lib/python3.10/site-packages'
[1.211s] Level 1:colcon.colcon_core.environment:checking '/home/maav/SUAS_24-25/install/px4_ros_com/bin'
[1.213s] INFO:colcon.colcon_core.shell:Creating package script '/home/maav/SUAS_24-25/install/px4_ros_com/share/px4_ros_com/package.ps1'
[1.216s] INFO:colcon.colcon_core.shell:Creating package descriptor '/home/maav/SUAS_24-25/install/px4_ros_com/share/px4_ros_com/package.dsv'
[1.218s] INFO:colcon.colcon_core.shell:Creating package script '/home/maav/SUAS_24-25/install/px4_ros_com/share/px4_ros_com/package.sh'
[1.220s] INFO:colcon.colcon_core.shell:Creating package script '/home/maav/SUAS_24-25/install/px4_ros_com/share/px4_ros_com/package.bash'
[1.224s] INFO:colcon.colcon_core.shell:Creating package script '/home/maav/SUAS_24-25/install/px4_ros_com/share/px4_ros_com/package.zsh'
[1.229s] Level 1:colcon.colcon_core.environment:create_file_with_runtime_dependencies(/home/maav/SUAS_24-25/install/px4_ros_com/share/colcon-core/packages/px4_ros_com)
[1.241s] DEBUG:colcon.colcon_parallel_executor.executor.parallel:closing loop
[1.242s] DEBUG:colcon.colcon_parallel_executor.executor.parallel:loop closed
[1.242s] DEBUG:colcon.colcon_parallel_executor.executor.parallel:run_until_complete finished with '1'
[1.242s] DEBUG:colcon.colcon_core.event_reactor:joining thread
[1.270s] INFO:colcon.colcon_core.plugin_system:Skipping extension 'colcon_notification.desktop_notification.terminal_notifier': Not used on non-Darwin systems
[1.271s] INFO:colcon.colcon_core.plugin_system:Skipping extension 'colcon_notification.desktop_notification.win32': Not used on non-Windows systems
[1.271s] INFO:colcon.colcon_notification.desktop_notification:Sending desktop notification using 'notify2'
[1.318s] DEBUG:colcon.colcon_core.event_reactor:joined thread
[1.318s] INFO:colcon.colcon_core.shell:Creating prefix script '/home/maav/SUAS_24-25/install/local_setup.ps1'
[1.320s] INFO:colcon.colcon_core.shell:Creating prefix util module '/home/maav/SUAS_24-25/install/_local_setup_util_ps1.py'
[1.322s] INFO:colcon.colcon_core.shell:Creating prefix chain script '/home/maav/SUAS_24-25/install/setup.ps1'
[1.325s] INFO:colcon.colcon_core.shell:Creating prefix script '/home/maav/SUAS_24-25/install/local_setup.sh'
[1.328s] INFO:colcon.colcon_core.shell:Creating prefix util module '/home/maav/SUAS_24-25/install/_local_setup_util_sh.py'
[1.329s] INFO:colcon.colcon_core.shell:Creating prefix chain script '/home/maav/SUAS_24-25/install/setup.sh'
[1.332s] INFO:colcon.colcon_core.shell:Creating prefix script '/home/maav/SUAS_24-25/install/local_setup.bash'
[1.335s] INFO:colcon.colcon_core.shell:Creating prefix chain script '/home/maav/SUAS_24-25/install/setup.bash'
[1.339s] INFO:colcon.colcon_core.shell:Creating prefix script '/home/maav/SUAS_24-25/install/local_setup.zsh'
[1.342s] INFO:colcon.colcon_core.shell:Creating prefix chain script '/home/maav/SUAS_24-25/install/setup.zsh'
