[0.169s] DEBUG:colcon:Command line arguments: ['/usr/bin/colcon', 'build', '--packages-select', 'px4_ros_com']
[0.169s] DEBUG:colcon:Parsed command line arguments: Namespace(log_base=None, log_level=None, verb_name='build', build_base='build', install_base='install', merge_install=False, symlink_install=False, test_result_base=None, continue_on_error=False, executor='parallel', parallel_workers=8, event_handlers=None, ignore_user_meta=False, metas=['./colcon.meta'], base_paths=['.'], packages_ignore=None, packages_ignore_regex=None, paths=None, packages_up_to=None, packages_up_to_regex=None, packages_above=None, packages_above_and_dependencies=None, packages_above_depth=None, packages_select_by_dep=None, packages_skip_by_dep=None, packages_skip_up_to=None, packages_select_build_failed=False, packages_skip_build_finished=False, packages_select_test_failures=False, packages_skip_test_passed=False, packages_select=['px4_ros_com'], packages_skip=None, packages_select_regex=None, packages_skip_regex=None, packages_start=None, packages_end=None, allow_overriding=[], cmake_args=None, cmake_target=None, cmake_target_skip_unavailable=False, cmake_clean_cache=False, cmake_clean_first=False, cmake_force_configure=False, ament_cmake_args=None, catkin_cmake_args=None, catkin_skip_building_tests=False, mixin_files=None, mixin=None, verb_parser=<colcon_mixin.mixin.mixin_argument.MixinArgumentDecorator object at 0x70b77582ee90>, verb_extension=<colcon_core.verb.build.BuildVerb object at 0x70b77592f640>, main=<bound method BuildVerb.main of <colcon_core.verb.build.BuildVerb object at 0x70b77592f640>>, mixin_verb=('build',))
[0.222s] Level 1:colcon.colcon_core.package_discovery:discover_packages(colcon_meta) check parameters
[0.222s] Level 1:colcon.colcon_core.package_discovery:discover_packages(recursive) check parameters
[0.222s] Level 1:colcon.colcon_core.package_discovery:discover_packages(ignore) check parameters
[0.222s] Level 1:colcon.colcon_core.package_discovery:discover_packages(path) check parameters
[0.222s] Level 1:colcon.colcon_core.package_discovery:discover_packages(colcon_meta) discover
[0.222s] Level 1:colcon.colcon_core.package_discovery:discover_packages(recursive) discover
[0.222s] INFO:colcon.colcon_core.package_discovery:Crawling recursively for packages in '/home/maav/SUAS_24-25'
[0.222s] Level 1:colcon.colcon_core.package_identification:_identify(.) by extensions ['ignore', 'ignore_ament_install']
[0.223s] Level 1:colcon.colcon_core.package_identification:_identify(.) by extension 'ignore'
[0.223s] Level 1:colcon.colcon_core.package_identification:_identify(.) by extension 'ignore_ament_install'
[0.223s] Level 1:colcon.colcon_core.package_identification:_identify(.) by extensions ['colcon_pkg']
[0.223s] Level 1:colcon.colcon_core.package_identification:_identify(.) by extension 'colcon_pkg'
[0.223s] Level 1:colcon.colcon_core.package_identification:_identify(.) by extensions ['colcon_meta']
[0.223s] Level 1:colcon.colcon_core.package_identification:_identify(.) by extension 'colcon_meta'
[0.223s] Level 1:colcon.colcon_core.package_identification:_identify(.) by extensions ['ros']
[0.223s] Level 1:colcon.colcon_core.package_identification:_identify(.) by extension 'ros'
[0.244s] Level 1:colcon.colcon_core.package_identification:_identify(.) by extensions ['cmake', 'python']
[0.244s] Level 1:colcon.colcon_core.package_identification:_identify(.) by extension 'cmake'
[0.245s] Level 1:colcon.colcon_core.package_identification:_identify(.) by extension 'python'
[0.245s] Level 1:colcon.colcon_core.package_identification:_identify(.) by extensions ['python_setup_py']
[0.245s] Level 1:colcon.colcon_core.package_identification:_identify(.) by extension 'python_setup_py'
[0.245s] Level 1:colcon.colcon_core.package_identification:_identify(build) by extensions ['ignore', 'ignore_ament_install']
[0.245s] Level 1:colcon.colcon_core.package_identification:_identify(build) by extension 'ignore'
[0.245s] Level 1:colcon.colcon_core.package_identification:_identify(build) ignored
[0.245s] Level 1:colcon.colcon_core.package_identification:_identify(install) by extensions ['ignore', 'ignore_ament_install']
[0.245s] Level 1:colcon.colcon_core.package_identification:_identify(install) by extension 'ignore'
[0.246s] Level 1:colcon.colcon_core.package_identification:_identify(install) ignored
[0.246s] Level 1:colcon.colcon_core.package_identification:_identify(log) by extensions ['ignore', 'ignore_ament_install']
[0.246s] Level 1:colcon.colcon_core.package_identification:_identify(log) by extension 'ignore'
[0.246s] Level 1:colcon.colcon_core.package_identification:_identify(log) ignored
[0.246s] Level 1:colcon.colcon_core.package_identification:_identify(scripts) by extensions ['ignore', 'ignore_ament_install']
[0.246s] Level 1:colcon.colcon_core.package_identification:_identify(scripts) by extension 'ignore'
[0.246s] Level 1:colcon.colcon_core.package_identification:_identify(scripts) by extension 'ignore_ament_install'
[0.246s] Level 1:colcon.colcon_core.package_identification:_identify(scripts) by extensions ['colcon_pkg']
[0.246s] Level 1:colcon.colcon_core.package_identification:_identify(scripts) by extension 'colcon_pkg'
[0.246s] Level 1:colcon.colcon_core.package_identification:_identify(scripts) by extensions ['colcon_meta']
[0.246s] Level 1:colcon.colcon_core.package_identification:_identify(scripts) by extension 'colcon_meta'
[0.246s] Level 1:colcon.colcon_core.package_identification:_identify(scripts) by extensions ['ros']
[0.246s] Level 1:colcon.colcon_core.package_identification:_identify(scripts) by extension 'ros'
[0.246s] Level 1:colcon.colcon_core.package_identification:_identify(scripts) by extensions ['cmake', 'python']
[0.246s] Level 1:colcon.colcon_core.package_identification:_identify(scripts) by extension 'cmake'
[0.246s] Level 1:colcon.colcon_core.package_identification:_identify(scripts) by extension 'python'
[0.247s] Level 1:colcon.colcon_core.package_identification:_identify(scripts) by extensions ['python_setup_py']
[0.247s] Level 1:colcon.colcon_core.package_identification:_identify(scripts) by extension 'python_setup_py'
[0.247s] Level 1:colcon.colcon_core.package_identification:_identify(simulation) by extensions ['ignore', 'ignore_ament_install']
[0.247s] Level 1:colcon.colcon_core.package_identification:_identify(simulation) by extension 'ignore'
[0.247s] Level 1:colcon.colcon_core.package_identification:_identify(simulation) by extension 'ignore_ament_install'
[0.247s] Level 1:colcon.colcon_core.package_identification:_identify(simulation) by extensions ['colcon_pkg']
[0.247s] Level 1:colcon.colcon_core.package_identification:_identify(simulation) by extension 'colcon_pkg'
[0.247s] Level 1:colcon.colcon_core.package_identification:_identify(simulation) by extensions ['colcon_meta']
[0.247s] Level 1:colcon.colcon_core.package_identification:_identify(simulation) by extension 'colcon_meta'
[0.247s] Level 1:colcon.colcon_core.package_identification:_identify(simulation) by extensions ['ros']
[0.247s] Level 1:colcon.colcon_core.package_identification:_identify(simulation) by extension 'ros'
[0.250s] DEBUG:colcon.colcon_core.package_identification:Package 'simulation' with type 'ros.ament_cmake' and name 'simulation'
[0.251s] Level 1:colcon.colcon_core.package_identification:_identify(software_ws) by extensions ['ignore', 'ignore_ament_install']
[0.251s] Level 1:colcon.colcon_core.package_identification:_identify(software_ws) by extension 'ignore'
[0.251s] Level 1:colcon.colcon_core.package_identification:_identify(software_ws) by extension 'ignore_ament_install'
[0.251s] Level 1:colcon.colcon_core.package_identification:_identify(software_ws) by extensions ['colcon_pkg']
[0.251s] Level 1:colcon.colcon_core.package_identification:_identify(software_ws) by extension 'colcon_pkg'
[0.251s] Level 1:colcon.colcon_core.package_identification:_identify(software_ws) by extensions ['colcon_meta']
[0.251s] Level 1:colcon.colcon_core.package_identification:_identify(software_ws) by extension 'colcon_meta'
[0.251s] Level 1:colcon.colcon_core.package_identification:_identify(software_ws) by extensions ['ros']
[0.251s] Level 1:colcon.colcon_core.package_identification:_identify(software_ws) by extension 'ros'
[0.251s] Level 1:colcon.colcon_core.package_identification:_identify(software_ws) by extensions ['cmake', 'python']
[0.252s] Level 1:colcon.colcon_core.package_identification:_identify(software_ws) by extension 'cmake'
[0.252s] Level 1:colcon.colcon_core.package_identification:_identify(software_ws) by extension 'python'
[0.252s] Level 1:colcon.colcon_core.package_identification:_identify(software_ws) by extensions ['python_setup_py']
[0.252s] Level 1:colcon.colcon_core.package_identification:_identify(software_ws) by extension 'python_setup_py'
[0.252s] Level 1:colcon.colcon_core.package_identification:_identify(software_ws/ROS2-GPS2xyz) by extensions ['ignore', 'ignore_ament_install']
[0.252s] Level 1:colcon.colcon_core.package_identification:_identify(software_ws/ROS2-GPS2xyz) by extension 'ignore'
[0.252s] Level 1:colcon.colcon_core.package_identification:_identify(software_ws/ROS2-GPS2xyz) by extension 'ignore_ament_install'
[0.252s] Level 1:colcon.colcon_core.package_identification:_identify(software_ws/ROS2-GPS2xyz) by extensions ['colcon_pkg']
[0.252s] Level 1:colcon.colcon_core.package_identification:_identify(software_ws/ROS2-GPS2xyz) by extension 'colcon_pkg'
[0.252s] Level 1:colcon.colcon_core.package_identification:_identify(software_ws/ROS2-GPS2xyz) by extensions ['colcon_meta']
[0.252s] Level 1:colcon.colcon_core.package_identification:_identify(software_ws/ROS2-GPS2xyz) by extension 'colcon_meta'
[0.253s] Level 1:colcon.colcon_core.package_identification:_identify(software_ws/ROS2-GPS2xyz) by extensions ['ros']
[0.253s] Level 1:colcon.colcon_core.package_identification:_identify(software_ws/ROS2-GPS2xyz) by extension 'ros'
[0.253s] Level 1:colcon.colcon_core.package_identification:_identify(software_ws/ROS2-GPS2xyz) by extensions ['cmake', 'python']
[0.253s] Level 1:colcon.colcon_core.package_identification:_identify(software_ws/ROS2-GPS2xyz) by extension 'cmake'
[0.253s] Level 1:colcon.colcon_core.package_identification:_identify(software_ws/ROS2-GPS2xyz) by extension 'python'
[0.253s] Level 1:colcon.colcon_core.package_identification:_identify(software_ws/ROS2-GPS2xyz) by extensions ['python_setup_py']
[0.253s] Level 1:colcon.colcon_core.package_identification:_identify(software_ws/ROS2-GPS2xyz) by extension 'python_setup_py'
[0.253s] Level 1:colcon.colcon_core.package_identification:_identify(software_ws/ROS2-GPS2xyz/build) by extensions ['ignore', 'ignore_ament_install']
[0.253s] Level 1:colcon.colcon_core.package_identification:_identify(software_ws/ROS2-GPS2xyz/build) by extension 'ignore'
[0.253s] Level 1:colcon.colcon_core.package_identification:_identify(software_ws/ROS2-GPS2xyz/build) by extension 'ignore_ament_install'
[0.253s] Level 1:colcon.colcon_core.package_identification:_identify(software_ws/ROS2-GPS2xyz/build) by extensions ['colcon_pkg']
[0.254s] Level 1:colcon.colcon_core.package_identification:_identify(software_ws/ROS2-GPS2xyz/build) by extension 'colcon_pkg'
[0.254s] Level 1:colcon.colcon_core.package_identification:_identify(software_ws/ROS2-GPS2xyz/build) by extensions ['colcon_meta']
[0.254s] Level 1:colcon.colcon_core.package_identification:_identify(software_ws/ROS2-GPS2xyz/build) by extension 'colcon_meta'
[0.254s] Level 1:colcon.colcon_core.package_identification:_identify(software_ws/ROS2-GPS2xyz/build) by extensions ['ros']
[0.254s] Level 1:colcon.colcon_core.package_identification:_identify(software_ws/ROS2-GPS2xyz/build) by extension 'ros'
[0.254s] Level 1:colcon.colcon_core.package_identification:_identify(software_ws/ROS2-GPS2xyz/build) by extensions ['cmake', 'python']
[0.254s] Level 1:colcon.colcon_core.package_identification:_identify(software_ws/ROS2-GPS2xyz/build) by extension 'cmake'
[0.254s] Level 1:colcon.colcon_core.package_identification:_identify(software_ws/ROS2-GPS2xyz/build) by extension 'python'
[0.254s] Level 1:colcon.colcon_core.package_identification:_identify(software_ws/ROS2-GPS2xyz/build) by extensions ['python_setup_py']
[0.254s] Level 1:colcon.colcon_core.package_identification:_identify(software_ws/ROS2-GPS2xyz/build) by extension 'python_setup_py'
[0.254s] Level 1:colcon.colcon_core.package_identification:_identify(software_ws/ROS2-GPS2xyz/geodetic_utils) by extensions ['ignore', 'ignore_ament_install']
[0.254s] Level 1:colcon.colcon_core.package_identification:_identify(software_ws/ROS2-GPS2xyz/geodetic_utils) by extension 'ignore'
[0.254s] Level 1:colcon.colcon_core.package_identification:_identify(software_ws/ROS2-GPS2xyz/geodetic_utils) by extension 'ignore_ament_install'
[0.255s] Level 1:colcon.colcon_core.package_identification:_identify(software_ws/ROS2-GPS2xyz/geodetic_utils) by extensions ['colcon_pkg']
[0.255s] Level 1:colcon.colcon_core.package_identification:_identify(software_ws/ROS2-GPS2xyz/geodetic_utils) by extension 'colcon_pkg'
[0.255s] Level 1:colcon.colcon_core.package_identification:_identify(software_ws/ROS2-GPS2xyz/geodetic_utils) by extensions ['colcon_meta']
[0.255s] Level 1:colcon.colcon_core.package_identification:_identify(software_ws/ROS2-GPS2xyz/geodetic_utils) by extension 'colcon_meta'
[0.255s] Level 1:colcon.colcon_core.package_identification:_identify(software_ws/ROS2-GPS2xyz/geodetic_utils) by extensions ['ros']
[0.255s] Level 1:colcon.colcon_core.package_identification:_identify(software_ws/ROS2-GPS2xyz/geodetic_utils) by extension 'ros'
[0.257s] DEBUG:colcon.colcon_core.package_identification:Package 'software_ws/ROS2-GPS2xyz/geodetic_utils' with type 'ros.ament_cmake' and name 'geodetic_utils'
[0.257s] Level 1:colcon.colcon_core.package_identification:_identify(software_ws/build) by extensions ['ignore', 'ignore_ament_install']
[0.257s] Level 1:colcon.colcon_core.package_identification:_identify(software_ws/build) by extension 'ignore'
[0.257s] Level 1:colcon.colcon_core.package_identification:_identify(software_ws/build) ignored
[0.257s] Level 1:colcon.colcon_core.package_identification:_identify(software_ws/eigen-git-mirror) by extensions ['ignore', 'ignore_ament_install']
[0.257s] Level 1:colcon.colcon_core.package_identification:_identify(software_ws/eigen-git-mirror) by extension 'ignore'
[0.257s] Level 1:colcon.colcon_core.package_identification:_identify(software_ws/eigen-git-mirror) by extension 'ignore_ament_install'
[0.258s] Level 1:colcon.colcon_core.package_identification:_identify(software_ws/eigen-git-mirror) by extensions ['colcon_pkg']
[0.258s] Level 1:colcon.colcon_core.package_identification:_identify(software_ws/eigen-git-mirror) by extension 'colcon_pkg'
[0.258s] Level 1:colcon.colcon_core.package_identification:_identify(software_ws/eigen-git-mirror) by extensions ['colcon_meta']
[0.258s] Level 1:colcon.colcon_core.package_identification:_identify(software_ws/eigen-git-mirror) by extension 'colcon_meta'
[0.258s] Level 1:colcon.colcon_core.package_identification:_identify(software_ws/eigen-git-mirror) by extensions ['ros']
[0.258s] Level 1:colcon.colcon_core.package_identification:_identify(software_ws/eigen-git-mirror) by extension 'ros'
[0.258s] Level 1:colcon.colcon_core.package_identification:_identify(software_ws/eigen-git-mirror) by extensions ['cmake', 'python']
[0.258s] Level 1:colcon.colcon_core.package_identification:_identify(software_ws/eigen-git-mirror) by extension 'cmake'
[0.803s] Level 1:colcon.colcon_core.package_identification:_identify(software_ws/eigen-git-mirror) by extension 'python'
[0.804s] DEBUG:colcon.colcon_core.package_identification:Package 'software_ws/eigen-git-mirror' with type 'cmake' and name 'Eigen3'
[0.804s] Level 1:colcon.colcon_core.package_identification:_identify(software_ws/install) by extensions ['ignore', 'ignore_ament_install']
[0.804s] Level 1:colcon.colcon_core.package_identification:_identify(software_ws/install) by extension 'ignore'
[0.804s] Level 1:colcon.colcon_core.package_identification:_identify(software_ws/install) ignored
[0.805s] Level 1:colcon.colcon_core.package_identification:_identify(software_ws/log) by extensions ['ignore', 'ignore_ament_install']
[0.805s] Level 1:colcon.colcon_core.package_identification:_identify(software_ws/log) by extension 'ignore'
[0.805s] Level 1:colcon.colcon_core.package_identification:_identify(software_ws/log) ignored
[0.805s] Level 1:colcon.colcon_core.package_identification:_identify(software_ws/src) by extensions ['ignore', 'ignore_ament_install']
[0.805s] Level 1:colcon.colcon_core.package_identification:_identify(software_ws/src) by extension 'ignore'
[0.805s] Level 1:colcon.colcon_core.package_identification:_identify(software_ws/src) by extension 'ignore_ament_install'
[0.805s] Level 1:colcon.colcon_core.package_identification:_identify(software_ws/src) by extensions ['colcon_pkg']
[0.805s] Level 1:colcon.colcon_core.package_identification:_identify(software_ws/src) by extension 'colcon_pkg'
[0.805s] Level 1:colcon.colcon_core.package_identification:_identify(software_ws/src) by extensions ['colcon_meta']
[0.805s] Level 1:colcon.colcon_core.package_identification:_identify(software_ws/src) by extension 'colcon_meta'
[0.805s] Level 1:colcon.colcon_core.package_identification:_identify(software_ws/src) by extensions ['ros']
[0.806s] Level 1:colcon.colcon_core.package_identification:_identify(software_ws/src) by extension 'ros'
[0.806s] Level 1:colcon.colcon_core.package_identification:_identify(software_ws/src) by extensions ['cmake', 'python']
[0.806s] Level 1:colcon.colcon_core.package_identification:_identify(software_ws/src) by extension 'cmake'
[0.806s] Level 1:colcon.colcon_core.package_identification:_identify(software_ws/src) by extension 'python'
[0.806s] Level 1:colcon.colcon_core.package_identification:_identify(software_ws/src) by extensions ['python_setup_py']
[0.806s] Level 1:colcon.colcon_core.package_identification:_identify(software_ws/src) by extension 'python_setup_py'
[0.806s] Level 1:colcon.colcon_core.package_identification:_identify(software_ws/src/my_package) by extensions ['ignore', 'ignore_ament_install']
[0.806s] Level 1:colcon.colcon_core.package_identification:_identify(software_ws/src/my_package) by extension 'ignore'
[0.806s] Level 1:colcon.colcon_core.package_identification:_identify(software_ws/src/my_package) by extension 'ignore_ament_install'
[0.806s] Level 1:colcon.colcon_core.package_identification:_identify(software_ws/src/my_package) by extensions ['colcon_pkg']
[0.806s] Level 1:colcon.colcon_core.package_identification:_identify(software_ws/src/my_package) by extension 'colcon_pkg'
[0.806s] Level 1:colcon.colcon_core.package_identification:_identify(software_ws/src/my_package) by extensions ['colcon_meta']
[0.806s] Level 1:colcon.colcon_core.package_identification:_identify(software_ws/src/my_package) by extension 'colcon_meta'
[0.807s] Level 1:colcon.colcon_core.package_identification:_identify(software_ws/src/my_package) by extensions ['ros']
[0.807s] Level 1:colcon.colcon_core.package_identification:_identify(software_ws/src/my_package) by extension 'ros'
[0.807s] DEBUG:colcon.colcon_core.package_identification:Package 'software_ws/src/my_package' with type 'ros.ament_cmake' and name 'my_package'
[0.807s] Level 1:colcon.colcon_core.package_identification:_identify(software_ws/src/px4_msgs) by extensions ['ignore', 'ignore_ament_install']
[0.807s] Level 1:colcon.colcon_core.package_identification:_identify(software_ws/src/px4_msgs) by extension 'ignore'
[0.808s] Level 1:colcon.colcon_core.package_identification:_identify(software_ws/src/px4_msgs) by extension 'ignore_ament_install'
[0.808s] Level 1:colcon.colcon_core.package_identification:_identify(software_ws/src/px4_msgs) by extensions ['colcon_pkg']
[0.808s] Level 1:colcon.colcon_core.package_identification:_identify(software_ws/src/px4_msgs) by extension 'colcon_pkg'
[0.808s] Level 1:colcon.colcon_core.package_identification:_identify(software_ws/src/px4_msgs) by extensions ['colcon_meta']
[0.808s] Level 1:colcon.colcon_core.package_identification:_identify(software_ws/src/px4_msgs) by extension 'colcon_meta'
[0.808s] Level 1:colcon.colcon_core.package_identification:_identify(software_ws/src/px4_msgs) by extensions ['ros']
[0.808s] Level 1:colcon.colcon_core.package_identification:_identify(software_ws/src/px4_msgs) by extension 'ros'
[0.809s] DEBUG:colcon.colcon_core.package_identification:Package 'software_ws/src/px4_msgs' with type 'ros.ament_cmake' and name 'px4_msgs'
[0.809s] Level 1:colcon.colcon_core.package_identification:_identify(software_ws/src/px4_ros_com) by extensions ['ignore', 'ignore_ament_install']
[0.809s] Level 1:colcon.colcon_core.package_identification:_identify(software_ws/src/px4_ros_com) by extension 'ignore'
[0.809s] Level 1:colcon.colcon_core.package_identification:_identify(software_ws/src/px4_ros_com) by extension 'ignore_ament_install'
[0.810s] Level 1:colcon.colcon_core.package_identification:_identify(software_ws/src/px4_ros_com) by extensions ['colcon_pkg']
[0.810s] Level 1:colcon.colcon_core.package_identification:_identify(software_ws/src/px4_ros_com) by extension 'colcon_pkg'
[0.810s] Level 1:colcon.colcon_core.package_identification:_identify(software_ws/src/px4_ros_com) by extensions ['colcon_meta']
[0.810s] Level 1:colcon.colcon_core.package_identification:_identify(software_ws/src/px4_ros_com) by extension 'colcon_meta'
[0.810s] Level 1:colcon.colcon_core.package_identification:_identify(software_ws/src/px4_ros_com) by extensions ['ros']
[0.810s] Level 1:colcon.colcon_core.package_identification:_identify(software_ws/src/px4_ros_com) by extension 'ros'
[0.811s] DEBUG:colcon.colcon_core.package_identification:Package 'software_ws/src/px4_ros_com' with type 'ros.ament_cmake' and name 'px4_ros_com'
[0.811s] Level 1:colcon.colcon_core.package_identification:_identify(software_ws/src/ros_tutorials) by extensions ['ignore', 'ignore_ament_install']
[0.811s] Level 1:colcon.colcon_core.package_identification:_identify(software_ws/src/ros_tutorials) by extension 'ignore'
[0.812s] Level 1:colcon.colcon_core.package_identification:_identify(software_ws/src/ros_tutorials) by extension 'ignore_ament_install'
[0.812s] Level 1:colcon.colcon_core.package_identification:_identify(software_ws/src/ros_tutorials) by extensions ['colcon_pkg']
[0.812s] Level 1:colcon.colcon_core.package_identification:_identify(software_ws/src/ros_tutorials) by extension 'colcon_pkg'
[0.812s] Level 1:colcon.colcon_core.package_identification:_identify(software_ws/src/ros_tutorials) by extensions ['colcon_meta']
[0.812s] Level 1:colcon.colcon_core.package_identification:_identify(software_ws/src/ros_tutorials) by extension 'colcon_meta'
[0.812s] Level 1:colcon.colcon_core.package_identification:_identify(software_ws/src/ros_tutorials) by extensions ['ros']
[0.812s] Level 1:colcon.colcon_core.package_identification:_identify(software_ws/src/ros_tutorials) by extension 'ros'
[0.812s] Level 1:colcon.colcon_core.package_identification:_identify(software_ws/src/ros_tutorials) by extensions ['cmake', 'python']
[0.812s] Level 1:colcon.colcon_core.package_identification:_identify(software_ws/src/ros_tutorials) by extension 'cmake'
[0.812s] Level 1:colcon.colcon_core.package_identification:_identify(software_ws/src/ros_tutorials) by extension 'python'
[0.812s] Level 1:colcon.colcon_core.package_identification:_identify(software_ws/src/ros_tutorials) by extensions ['python_setup_py']
[0.812s] Level 1:colcon.colcon_core.package_identification:_identify(software_ws/src/ros_tutorials) by extension 'python_setup_py'
[0.812s] Level 1:colcon.colcon_core.package_identification:_identify(software_ws/src/ros_tutorials/ros_tutorials) by extensions ['ignore', 'ignore_ament_install']
[0.812s] Level 1:colcon.colcon_core.package_identification:_identify(software_ws/src/ros_tutorials/ros_tutorials) by extension 'ignore'
[0.812s] Level 1:colcon.colcon_core.package_identification:_identify(software_ws/src/ros_tutorials/ros_tutorials) ignored
[0.813s] Level 1:colcon.colcon_core.package_identification:_identify(software_ws/src/ros_tutorials/roscpp_tutorials) by extensions ['ignore', 'ignore_ament_install']
[0.813s] Level 1:colcon.colcon_core.package_identification:_identify(software_ws/src/ros_tutorials/roscpp_tutorials) by extension 'ignore'
[0.813s] Level 1:colcon.colcon_core.package_identification:_identify(software_ws/src/ros_tutorials/roscpp_tutorials) ignored
[0.813s] Level 1:colcon.colcon_core.package_identification:_identify(software_ws/src/ros_tutorials/rospy_tutorials) by extensions ['ignore', 'ignore_ament_install']
[0.813s] Level 1:colcon.colcon_core.package_identification:_identify(software_ws/src/ros_tutorials/rospy_tutorials) by extension 'ignore'
[0.813s] Level 1:colcon.colcon_core.package_identification:_identify(software_ws/src/ros_tutorials/rospy_tutorials) ignored
[0.813s] Level 1:colcon.colcon_core.package_identification:_identify(software_ws/src/ros_tutorials/turtlesim) by extensions ['ignore', 'ignore_ament_install']
[0.814s] Level 1:colcon.colcon_core.package_identification:_identify(software_ws/src/ros_tutorials/turtlesim) by extension 'ignore'
[0.814s] Level 1:colcon.colcon_core.package_identification:_identify(software_ws/src/ros_tutorials/turtlesim) by extension 'ignore_ament_install'
[0.814s] Level 1:colcon.colcon_core.package_identification:_identify(software_ws/src/ros_tutorials/turtlesim) by extensions ['colcon_pkg']
[0.814s] Level 1:colcon.colcon_core.package_identification:_identify(software_ws/src/ros_tutorials/turtlesim) by extension 'colcon_pkg'
[0.814s] Level 1:colcon.colcon_core.package_identification:_identify(software_ws/src/ros_tutorials/turtlesim) by extensions ['colcon_meta']
[0.814s] Level 1:colcon.colcon_core.package_identification:_identify(software_ws/src/ros_tutorials/turtlesim) by extension 'colcon_meta'
[0.814s] Level 1:colcon.colcon_core.package_identification:_identify(software_ws/src/ros_tutorials/turtlesim) by extensions ['ros']
[0.814s] Level 1:colcon.colcon_core.package_identification:_identify(software_ws/src/ros_tutorials/turtlesim) by extension 'ros'
[0.815s] DEBUG:colcon.colcon_core.package_identification:Package 'software_ws/src/ros_tutorials/turtlesim' with type 'ros.ament_cmake' and name 'turtlesim'
[0.815s] Level 1:colcon.colcon_core.package_identification:_identify(software_ws/src/takeoff) by extensions ['ignore', 'ignore_ament_install']
[0.815s] Level 1:colcon.colcon_core.package_identification:_identify(software_ws/src/takeoff) by extension 'ignore'
[0.815s] Level 1:colcon.colcon_core.package_identification:_identify(software_ws/src/takeoff) by extension 'ignore_ament_install'
[0.815s] Level 1:colcon.colcon_core.package_identification:_identify(software_ws/src/takeoff) by extensions ['colcon_pkg']
[0.816s] Level 1:colcon.colcon_core.package_identification:_identify(software_ws/src/takeoff) by extension 'colcon_pkg'
[0.816s] Level 1:colcon.colcon_core.package_identification:_identify(software_ws/src/takeoff) by extensions ['colcon_meta']
[0.816s] Level 1:colcon.colcon_core.package_identification:_identify(software_ws/src/takeoff) by extension 'colcon_meta'
[0.816s] Level 1:colcon.colcon_core.package_identification:_identify(software_ws/src/takeoff) by extensions ['ros']
[0.816s] Level 1:colcon.colcon_core.package_identification:_identify(software_ws/src/takeoff) by extension 'ros'
[0.817s] DEBUG:colcon.colcon_core.package_identification:Package 'software_ws/src/takeoff' with type 'ros.ament_cmake' and name 'turtlesim'
[0.818s] Level 1:colcon.colcon_core.package_identification:_identify(software_ws/src/tutorial_package) by extensions ['ignore', 'ignore_ament_install']
[0.818s] Level 1:colcon.colcon_core.package_identification:_identify(software_ws/src/tutorial_package) by extension 'ignore'
[0.818s] Level 1:colcon.colcon_core.package_identification:_identify(software_ws/src/tutorial_package) by extension 'ignore_ament_install'
[0.818s] Level 1:colcon.colcon_core.package_identification:_identify(software_ws/src/tutorial_package) by extensions ['colcon_pkg']
[0.818s] Level 1:colcon.colcon_core.package_identification:_identify(software_ws/src/tutorial_package) by extension 'colcon_pkg'
[0.818s] Level 1:colcon.colcon_core.package_identification:_identify(software_ws/src/tutorial_package) by extensions ['colcon_meta']
[0.818s] Level 1:colcon.colcon_core.package_identification:_identify(software_ws/src/tutorial_package) by extension 'colcon_meta'
[0.818s] Level 1:colcon.colcon_core.package_identification:_identify(software_ws/src/tutorial_package) by extensions ['ros']
[0.818s] Level 1:colcon.colcon_core.package_identification:_identify(software_ws/src/tutorial_package) by extension 'ros'
[0.818s] DEBUG:colcon.colcon_core.package_identification:Package 'software_ws/src/tutorial_package' with type 'ros.ament_cmake' and name 'tutorial_package'
[0.819s] Level 1:colcon.colcon_core.package_identification:_identify(software_ws/src/waypoint_generation) by extensions ['ignore', 'ignore_ament_install']
[0.819s] Level 1:colcon.colcon_core.package_identification:_identify(software_ws/src/waypoint_generation) by extension 'ignore'
[0.819s] Level 1:colcon.colcon_core.package_identification:_identify(software_ws/src/waypoint_generation) by extension 'ignore_ament_install'
[0.819s] Level 1:colcon.colcon_core.package_identification:_identify(software_ws/src/waypoint_generation) by extensions ['colcon_pkg']
[0.819s] Level 1:colcon.colcon_core.package_identification:_identify(software_ws/src/waypoint_generation) by extension 'colcon_pkg'
[0.819s] Level 1:colcon.colcon_core.package_identification:_identify(software_ws/src/waypoint_generation) by extensions ['colcon_meta']
[0.819s] Level 1:colcon.colcon_core.package_identification:_identify(software_ws/src/waypoint_generation) by extension 'colcon_meta'
[0.819s] Level 1:colcon.colcon_core.package_identification:_identify(software_ws/src/waypoint_generation) by extensions ['ros']
[0.819s] Level 1:colcon.colcon_core.package_identification:_identify(software_ws/src/waypoint_generation) by extension 'ros'
[0.819s] Level 1:colcon.colcon_core.package_identification:_identify(software_ws/src/waypoint_generation) by extensions ['cmake', 'python']
[0.819s] Level 1:colcon.colcon_core.package_identification:_identify(software_ws/src/waypoint_generation) by extension 'cmake'
[0.819s] Level 1:colcon.colcon_core.package_identification:_identify(software_ws/src/waypoint_generation) by extension 'python'
[0.819s] Level 1:colcon.colcon_core.package_identification:_identify(software_ws/src/waypoint_generation) by extensions ['python_setup_py']
[0.819s] Level 1:colcon.colcon_core.package_identification:_identify(software_ws/src/waypoint_generation) by extension 'python_setup_py'
[0.820s] Level 1:colcon.colcon_core.package_identification:_identify(software_ws/src/waypoint_generation/templates) by extensions ['ignore', 'ignore_ament_install']
[0.820s] Level 1:colcon.colcon_core.package_identification:_identify(software_ws/src/waypoint_generation/templates) by extension 'ignore'
[0.820s] Level 1:colcon.colcon_core.package_identification:_identify(software_ws/src/waypoint_generation/templates) by extension 'ignore_ament_install'
[0.820s] Level 1:colcon.colcon_core.package_identification:_identify(software_ws/src/waypoint_generation/templates) by extensions ['colcon_pkg']
[0.820s] Level 1:colcon.colcon_core.package_identification:_identify(software_ws/src/waypoint_generation/templates) by extension 'colcon_pkg'
[0.820s] Level 1:colcon.colcon_core.package_identification:_identify(software_ws/src/waypoint_generation/templates) by extensions ['colcon_meta']
[0.820s] Level 1:colcon.colcon_core.package_identification:_identify(software_ws/src/waypoint_generation/templates) by extension 'colcon_meta'
[0.820s] Level 1:colcon.colcon_core.package_identification:_identify(software_ws/src/waypoint_generation/templates) by extensions ['ros']
[0.820s] Level 1:colcon.colcon_core.package_identification:_identify(software_ws/src/waypoint_generation/templates) by extension 'ros'
[0.821s] Level 1:colcon.colcon_core.package_identification:_identify(software_ws/src/waypoint_generation/templates) by extensions ['cmake', 'python']
[0.821s] Level 1:colcon.colcon_core.package_identification:_identify(software_ws/src/waypoint_generation/templates) by extension 'cmake'
[0.821s] Level 1:colcon.colcon_core.package_identification:_identify(software_ws/src/waypoint_generation/templates) by extension 'python'
[0.821s] Level 1:colcon.colcon_core.package_identification:_identify(software_ws/src/waypoint_generation/templates) by extensions ['python_setup_py']
[0.821s] Level 1:colcon.colcon_core.package_identification:_identify(software_ws/src/waypoint_generation/templates) by extension 'python_setup_py'
[0.821s] Level 1:colcon.colcon_core.package_discovery:discover_packages(recursive) using defaults
[0.821s] Level 1:colcon.colcon_core.package_discovery:discover_packages(ignore) discover
[0.821s] Level 1:colcon.colcon_core.package_discovery:discover_packages(ignore) using defaults
[0.821s] Level 1:colcon.colcon_core.package_discovery:discover_packages(path) discover
[0.821s] Level 1:colcon.colcon_core.package_discovery:discover_packages(path) using defaults
[0.851s] INFO:colcon.colcon_core.package_selection:Skipping not selected package 'Eigen3' in 'software_ws/eigen-git-mirror'
[0.851s] INFO:colcon.colcon_core.package_selection:Skipping not selected package 'geodetic_utils' in 'software_ws/ROS2-GPS2xyz/geodetic_utils'
[0.851s] INFO:colcon.colcon_core.package_selection:Skipping not selected package 'my_package' in 'software_ws/src/my_package'
[0.851s] INFO:colcon.colcon_core.package_selection:Skipping not selected package 'px4_msgs' in 'software_ws/src/px4_msgs'
[0.851s] INFO:colcon.colcon_core.package_selection:Skipping not selected package 'simulation' in 'simulation'
[0.851s] INFO:colcon.colcon_core.package_selection:Skipping not selected package 'turtlesim' in 'software_ws/src/ros_tutorials/turtlesim'
[0.851s] INFO:colcon.colcon_core.package_selection:Skipping not selected package 'turtlesim' in 'software_ws/src/takeoff'
[0.851s] INFO:colcon.colcon_core.package_selection:Skipping not selected package 'tutorial_package' in 'software_ws/src/tutorial_package'
[0.851s] Level 1:colcon.colcon_core.package_discovery:discover_packages(prefix_path) check parameters
[0.852s] Level 1:colcon.colcon_core.package_discovery:discover_packages(prefix_path) discover
[0.855s] DEBUG:colcon.colcon_installed_package_information.package_discovery:Found 4 installed packages in /home/maav/SUAS_24-25/software_ws/install
[0.857s] DEBUG:colcon.colcon_installed_package_information.package_discovery:Found 270 installed packages in /opt/ros/humble
[0.859s] Level 1:colcon.colcon_core.package_discovery:discover_packages(prefix_path) using defaults
[0.911s] Level 5:colcon.colcon_core.verb:set package 'px4_ros_com' build argument 'cmake_args' from command line to 'None'
[0.911s] Level 5:colcon.colcon_core.verb:set package 'px4_ros_com' build argument 'cmake_target' from command line to 'None'
[0.911s] Level 5:colcon.colcon_core.verb:set package 'px4_ros_com' build argument 'cmake_target_skip_unavailable' from command line to 'False'
[0.912s] Level 5:colcon.colcon_core.verb:set package 'px4_ros_com' build argument 'cmake_clean_cache' from command line to 'False'
[0.912s] Level 5:colcon.colcon_core.verb:set package 'px4_ros_com' build argument 'cmake_clean_first' from command line to 'False'
[0.912s] Level 5:colcon.colcon_core.verb:set package 'px4_ros_com' build argument 'cmake_force_configure' from command line to 'False'
[0.912s] Level 5:colcon.colcon_core.verb:set package 'px4_ros_com' build argument 'ament_cmake_args' from command line to 'None'
[0.912s] Level 5:colcon.colcon_core.verb:set package 'px4_ros_com' build argument 'catkin_cmake_args' from command line to 'None'
[0.912s] Level 5:colcon.colcon_core.verb:set package 'px4_ros_com' build argument 'catkin_skip_building_tests' from command line to 'False'
[0.912s] DEBUG:colcon.colcon_core.verb:Building package 'px4_ros_com' with the following arguments: {'ament_cmake_args': None, 'build_base': '/home/maav/SUAS_24-25/build/px4_ros_com', 'catkin_cmake_args': None, 'catkin_skip_building_tests': False, 'cmake_args': None, 'cmake_clean_cache': False, 'cmake_clean_first': False, 'cmake_force_configure': False, 'cmake_target': None, 'cmake_target_skip_unavailable': False, 'install_base': '/home/maav/SUAS_24-25/install/px4_ros_com', 'merge_install': False, 'path': '/home/maav/SUAS_24-25/software_ws/src/px4_ros_com', 'symlink_install': False, 'test_result_base': None}
[0.912s] INFO:colcon.colcon_core.executor:Executing jobs using 'parallel' executor
[0.913s] DEBUG:colcon.colcon_parallel_executor.executor.parallel:run_until_complete
[0.913s] INFO:colcon.colcon_ros.task.ament_cmake.build:Building ROS package in '/home/maav/SUAS_24-25/software_ws/src/px4_ros_com' with build type 'ament_cmake'
[0.913s] INFO:colcon.colcon_cmake.task.cmake.build:Building CMake package in '/home/maav/SUAS_24-25/software_ws/src/px4_ros_com'
[0.916s] INFO:colcon.colcon_core.plugin_system:Skipping extension 'colcon_core.shell.bat': Not used on non-Windows systems
[0.916s] INFO:colcon.colcon_core.shell:Skip shell extension 'powershell' for command environment: Not usable outside of PowerShell
[0.917s] DEBUG:colcon.colcon_core.shell:Skip shell extension 'dsv' for command environment
[0.919s] WARNING:colcon.colcon_core.shell:The following packages are in the workspace but haven't been built:
- px4_msgs
They are being used from the following locations instead:
- /home/maav/SUAS_24-25/software_ws/install/px4_msgs
To suppress this warning ignore these packages in the workspace:
--packages-ignore px4_msgs
[0.933s] DEBUG:colcon.colcon_core.event_handler.log_command:Invoking command in '/home/maav/SUAS_24-25/build/px4_ros_com': CMAKE_PREFIX_PATH=${CMAKE_PREFIX_PATH}:/opt/ros/humble /usr/bin/cmake --build /home/maav/SUAS_24-25/build/px4_ros_com -- -j8 -l8
[8.342s] DEBUG:colcon.colcon_core.event_handler.log_command:Invoked command in '/home/maav/SUAS_24-25/build/px4_ros_com' returned '2': CMAKE_PREFIX_PATH=${CMAKE_PREFIX_PATH}:/opt/ros/humble /usr/bin/cmake --build /home/maav/SUAS_24-25/build/px4_ros_com -- -j8 -l8
[8.418s] Level 1:colcon.colcon_core.environment:create_environment_scripts_only(px4_ros_com)
[8.421s] Level 1:colcon.colcon_core.environment:checking '/home/maav/SUAS_24-25/install/px4_ros_com' for CMake module files
[8.421s] Level 1:colcon.colcon_core.environment:checking '/home/maav/SUAS_24-25/install/px4_ros_com' for CMake config files
[8.422s] Level 1:colcon.colcon_core.environment:checking '/home/maav/SUAS_24-25/install/px4_ros_com/bin'
[8.422s] Level 1:colcon.colcon_core.environment:checking '/home/maav/SUAS_24-25/install/px4_ros_com/lib/pkgconfig/px4_ros_com.pc'
[8.422s] Level 1:colcon.colcon_core.environment:checking '/home/maav/SUAS_24-25/install/px4_ros_com/lib/python3.10/site-packages'
[8.422s] Level 1:colcon.colcon_core.environment:checking '/home/maav/SUAS_24-25/install/px4_ros_com/bin'
[8.422s] INFO:colcon.colcon_core.shell:Creating package script '/home/maav/SUAS_24-25/install/px4_ros_com/share/px4_ros_com/package.ps1'
[8.424s] INFO:colcon.colcon_core.shell:Creating package descriptor '/home/maav/SUAS_24-25/install/px4_ros_com/share/px4_ros_com/package.dsv'
[8.424s] INFO:colcon.colcon_core.shell:Creating package script '/home/maav/SUAS_24-25/install/px4_ros_com/share/px4_ros_com/package.sh'
[8.425s] INFO:colcon.colcon_core.shell:Creating package script '/home/maav/SUAS_24-25/install/px4_ros_com/share/px4_ros_com/package.bash'
[8.426s] INFO:colcon.colcon_core.shell:Creating package script '/home/maav/SUAS_24-25/install/px4_ros_com/share/px4_ros_com/package.zsh'
[8.427s] Level 1:colcon.colcon_core.environment:create_file_with_runtime_dependencies(/home/maav/SUAS_24-25/install/px4_ros_com/share/colcon-core/packages/px4_ros_com)
[8.438s] DEBUG:colcon.colcon_parallel_executor.executor.parallel:closing loop
[8.438s] DEBUG:colcon.colcon_parallel_executor.executor.parallel:loop closed
[8.438s] DEBUG:colcon.colcon_parallel_executor.executor.parallel:run_until_complete finished with '2'
[8.438s] DEBUG:colcon.colcon_core.event_reactor:joining thread
[8.445s] INFO:colcon.colcon_core.plugin_system:Skipping extension 'colcon_notification.desktop_notification.terminal_notifier': Not used on non-Darwin systems
[8.446s] INFO:colcon.colcon_core.plugin_system:Skipping extension 'colcon_notification.desktop_notification.win32': Not used on non-Windows systems
[8.446s] INFO:colcon.colcon_notification.desktop_notification:Sending desktop notification using 'notify2'
[8.460s] DEBUG:colcon.colcon_core.event_reactor:joined thread
[8.461s] INFO:colcon.colcon_core.shell:Creating prefix script '/home/maav/SUAS_24-25/install/local_setup.ps1'
[8.462s] INFO:colcon.colcon_core.shell:Creating prefix util module '/home/maav/SUAS_24-25/install/_local_setup_util_ps1.py'
[8.463s] INFO:colcon.colcon_core.shell:Creating prefix chain script '/home/maav/SUAS_24-25/install/setup.ps1'
[8.465s] INFO:colcon.colcon_core.shell:Creating prefix script '/home/maav/SUAS_24-25/install/local_setup.sh'
[8.465s] INFO:colcon.colcon_core.shell:Creating prefix util module '/home/maav/SUAS_24-25/install/_local_setup_util_sh.py'
[8.466s] INFO:colcon.colcon_core.shell:Creating prefix chain script '/home/maav/SUAS_24-25/install/setup.sh'
[8.467s] INFO:colcon.colcon_core.shell:Creating prefix script '/home/maav/SUAS_24-25/install/local_setup.bash'
[8.468s] INFO:colcon.colcon_core.shell:Creating prefix chain script '/home/maav/SUAS_24-25/install/setup.bash'
[8.470s] INFO:colcon.colcon_core.shell:Creating prefix script '/home/maav/SUAS_24-25/install/local_setup.zsh'
[8.471s] INFO:colcon.colcon_core.shell:Creating prefix chain script '/home/maav/SUAS_24-25/install/setup.zsh'
